{"target": -4.685035580927524, "params": {"Al2P2_JVASP-8182_mp-8880_DFT-SCF_eweight": 476.45845936868614, "Al2P2_JVASP-8182_mp-8880_DFT-SCF_fweight": 386.17022070940544, "Al2P2_JVASP-8182_mp-8880_DFT-SCF_vweight": 8.432797004580323e-12, "Al2P2_JVASP-8182_mp-8880_FD-ELAST_eweight": 9.971756863194093, "Al2P2_JVASP-8182_mp-8880_FD-ELAST_fweight": 80.66983704426636, "Al2P2_JVASP-8182_mp-8880_FD-ELAST_vweight": 1.983555855629331e-12, "Al2_JVASP-25408_mp-998860_FD-ELAST_eweight": 5.196781551755791, "Al2_JVASP-25408_mp-998860_FD-ELAST_fweight": 13.64793253962332, "Al2_JVASP-25408_mp-998860_FD-ELAST_vweight": 9.911938326138128e-12, "Al4P4_JVASP-1327_mp-1550_FD-ELAST_eweight": 5.495111411230705, "Al4P4_JVASP-1327_mp-1550_FD-ELAST_fweight": 124.30066851502657, "Al4P4_JVASP-1327_mp-1550_FD-ELAST_vweight": 5.744167354689605e-12, "Al4P4_JVASP-30519_mp-997569_FD-ELAST_eweight": 6.620139997539006, "Al4P4_JVASP-30519_mp-997569_FD-ELAST_fweight": 204.8665670997495, "Al4P4_JVASP-30519_mp-997569_FD-ELAST_vweight": 2.2844049447115264e-12, "Al4_JVASP-14615_mp-134_FD-ELAST_eweight": 6.717280319629445, "Al4_JVASP-14615_mp-134_FD-ELAST_fweight": 81.74859473125107, "Al4_JVASP-14615_mp-134_FD-ELAST_vweight": 5.9751135088203876e-12, "Al4_JVASP-816_mp-134_FD-ELAST_eweight": 2.096955645576062, "Al4_JVASP-816_mp-134_FD-ELAST_fweight": 229.4028076062623, "Al4_JVASP-816_mp-134_FD-ELAST_vweight": 1.0275037331495419e-12, "AlP_JVASP-1327_mp-1550_DFT-SCF_eweight": 621.5139146503037, "AlP_JVASP-1327_mp-1550_DFT-SCF_fweight": 262.9646787932687, "AlP_JVASP-1327_mp-1550_DFT-SCF_vweight": 2.8357964312143083e-12, "Al_JVASP-14615_mp-134_DFT-SCF_eweight": 830.7529448308637, "Al_JVASP-14615_mp-134_DFT-SCF_fweight": 421.1168622357031, "Al_JVASP-14615_mp-134_DFT-SCF_vweight": 3.3703242757850236e-12, "Al_JVASP-25408_mp-998860_DFT-SCF_eweight": 639.8065970329943, "Al_JVASP-25408_mp-998860_DFT-SCF_fweight": 391.8404925824776, "Al_JVASP-25408_mp-998860_DFT-SCF_vweight": 5.9734965071443294e-12, "Al_JVASP-7148_mp-ase-Al_DFT-SCF_eweight": 204.4387523400632, "Al_JVASP-7148_mp-ase-Al_DFT-SCF_fweight": 1.754136847573476, "Al_JVASP-7148_mp-ase-Al_DFT-SCF_vweight": 3.441611340326656e-12, "Al_JVASP-7148_mp-ase-Al_FD-ELAST_eweight": 9.447363963634636, "Al_JVASP-7148_mp-ase-Al_FD-ELAST_fweight": 398.36839449045414, "Al_JVASP-7148_mp-ase-Al_FD-ELAST_vweight": 8.076882248389938e-12, "Al_JVASP-816_mp-134_DFT-SCF_eweight": 452.58652140580915, "Al_JVASP-816_mp-134_DFT-SCF_fweight": 153.09126156108385, "Al_JVASP-816_mp-134_DFT-SCF_vweight": 4.048933697612895e-12, "P16_JVASP-25091_mp-12883_FD-ELAST_eweight": 6.021772345019337, "P16_JVASP-25091_mp-12883_FD-ELAST_fweight": 347.61394333210507, "P16_JVASP-25091_mp-12883_FD-ELAST_vweight": 1.2121608505608947e-12, "P16_JVASP-7758_mp-12883_FD-ELAST_eweight": 7.5307121785751745, "P16_JVASP-7758_mp-12883_FD-ELAST_fweight": 327.5268694036603, "P16_JVASP-7758_mp-12883_FD-ELAST_vweight": 9.31133207000432e-12, "P24_JVASP-25087_mp-118_DFT-SCF_eweight": 914.9554815250693, "P24_JVASP-25087_mp-118_DFT-SCF_fweight": 195.752754078154, "P24_JVASP-25087_mp-118_DFT-SCF_vweight": 5.519189262953324e-12, "P24_JVASP-25087_mp-118_FD-ELAST_eweight": 8.60871462508069, "P24_JVASP-25087_mp-118_FD-ELAST_fweight": 388.8176283691827, "P24_JVASP-25087_mp-118_FD-ELAST_vweight": 5.765372158096939e-12, "P2_JVASP-14611_mp-130_DFT-SCF_eweight": 825.1750923339765, "P2_JVASP-14611_mp-130_DFT-SCF_fweight": 453.7601474484596, "P2_JVASP-14611_mp-130_DFT-SCF_vweight": 1.949910048886593e-12, "P2_JVASP-15781_mp-7245_DFT-SCF_eweight": 357.7128161942037, "P2_JVASP-15781_mp-7245_DFT-SCF_fweight": 423.56483791467883, "P2_JVASP-15781_mp-7245_DFT-SCF_vweight": 6.316629716727053e-12, "P2_JVASP-25047_mp-130_DFT-SCF_eweight": 863.8553102711412, "P2_JVASP-25047_mp-130_DFT-SCF_fweight": 146.4644982443144, "P2_JVASP-25047_mp-130_DFT-SCF_vweight": 7.838681334540823e-12, "P2_JVASP-25186_mp-53_DFT-SCF_eweight": 862.6282405687431, "P2_JVASP-25186_mp-53_DFT-SCF_fweight": 319.77232202409033, "P2_JVASP-25186_mp-53_DFT-SCF_vweight": 9.435104421970376e-12, "P2_JVASP-25186_mp-53_FD-ELAST_eweight": 1.050566779848709, "P2_JVASP-25186_mp-53_FD-ELAST_fweight": 284.01467840919986, "P2_JVASP-25186_mp-53_FD-ELAST_vweight": 4.780546446607858e-12, "P2_JVASP-25326_mp-7245_DFT-SCF_eweight": 813.1091437134359, "P2_JVASP-25326_mp-7245_DFT-SCF_fweight": 295.3035998919369, "P2_JVASP-25326_mp-7245_DFT-SCF_vweight": 1.321654547207985e-12, "P2_JVASP-7547_mp-ase-P2_DFT-SCF_eweight": 999.1171499254507, "P2_JVASP-7547_mp-ase-P2_DFT-SCF_fweight": 324.14364237193826, "P2_JVASP-7547_mp-ase-P2_DFT-SCF_vweight": 7.077076562623075e-12, "P2_JVASP-7547_mp-ase-P2_FD-ELAST_eweight": 2.5655473312741384, "P2_JVASP-7547_mp-ase-P2_FD-ELAST_fweight": 328.5671281558169, "P2_JVASP-7547_mp-ase-P2_FD-ELAST_vweight": 6.524642874840285e-12, "P4_JVASP-15781_mp-7245_FD-ELAST_eweight": 6.913449118418955, "P4_JVASP-15781_mp-7245_FD-ELAST_fweight": 334.7964413040287, "P4_JVASP-15781_mp-7245_FD-ELAST_vweight": 6.073602816571805e-12, "P4_JVASP-25063_mp-1014013_DFT-SCF_eweight": 162.71402527488726, "P4_JVASP-25063_mp-1014013_DFT-SCF_fweight": 380.611511559689, "P4_JVASP-25063_mp-1014013_DFT-SCF_vweight": 3.986639635751381e-12, "P4_JVASP-25063_mp-1014013_FD-ELAST_eweight": 6.313988627262623, "P4_JVASP-25063_mp-1014013_FD-ELAST_fweight": 32.93712077716697, "P4_JVASP-25063_mp-1014013_FD-ELAST_vweight": 2.961905194412576e-12, "P4_JVASP-25144_mp-157_DFT-SCF_eweight": 605.9097597303285, "P4_JVASP-25144_mp-157_DFT-SCF_fweight": 211.79583589491736, "P4_JVASP-25144_mp-157_DFT-SCF_vweight": 6.22714482223506e-12, "P4_JVASP-25267_mp-604573_DFT-SCF_eweight": 223.50472145130175, "P4_JVASP-25267_mp-604573_DFT-SCF_fweight": 25.866569638829912, "P4_JVASP-25267_mp-604573_DFT-SCF_vweight": 5.841188807548151e-12, "P4_JVASP-25311_mp-674158_FD-ELAST_eweight": 9.288498091758816, "P4_JVASP-25311_mp-674158_FD-ELAST_fweight": 474.8924977452722, "P4_JVASP-25311_mp-674158_FD-ELAST_vweight": 4.150028022718664e-12, "P4_JVASP-25326_mp-7245_FD-ELAST_eweight": 1.5090435402093851, "P4_JVASP-25326_mp-7245_FD-ELAST_fweight": 428.27090265628607, "P4_JVASP-25326_mp-7245_FD-ELAST_vweight": 4.5034931149209254e-12, "P4_JVASP-26_mp-blackP_DFT-SCF_eweight": 437.5802626912053, "P4_JVASP-26_mp-blackP_DFT-SCF_fweight": 445.26818891832943, "P4_JVASP-26_mp-blackP_DFT-SCF_vweight": 9.40688492988469e-12, "P4_JVASP-7818_mp-157_DFT-SCF_eweight": 821.606999392051, "P4_JVASP-7818_mp-157_DFT-SCF_fweight": 41.479306847827125, "P4_JVASP-7818_mp-157_DFT-SCF_vweight": 4.615946056503894e-12, "P4_JVASP-79517_mp-1064333_DFT-SCF_eweight": 275.50304289532306, "P4_JVASP-79517_mp-1064333_DFT-SCF_fweight": 420.16558150398464, "P4_JVASP-79517_mp-1064333_DFT-SCF_vweight": 9.2532038195955e-12, "P6_JVASP-14611_mp-130_FD-ELAST_eweight": 6.0313172691103025, "P6_JVASP-14611_mp-130_FD-ELAST_fweight": 79.0998031271886, "P6_JVASP-14611_mp-130_FD-ELAST_vweight": 8.444203820118085e-12, "P6_JVASP-25047_mp-130_FD-ELAST_eweight": 8.446753188725427, "P6_JVASP-25047_mp-130_FD-ELAST_fweight": 488.72571366205574, "P6_JVASP-25047_mp-130_FD-ELAST_vweight": 6.7615631535870796e-12, "P8_JVASP-25091_mp-12883_DFT-SCF_eweight": 839.0484041621984, "P8_JVASP-25091_mp-12883_DFT-SCF_fweight": 348.3268676668854, "P8_JVASP-25091_mp-12883_DFT-SCF_vweight": 9.468890907154615e-12, "P8_JVASP-25144_mp-157_FD-ELAST_eweight": 1.876861529435912, "P8_JVASP-25144_mp-157_FD-ELAST_fweight": 392.026801477524, "P8_JVASP-25144_mp-157_FD-ELAST_vweight": 7.58908947995674e-12, "P8_JVASP-26_mp-blackP_FD-ELAST_eweight": 1.9206466588091502, "P8_JVASP-26_mp-blackP_FD-ELAST_fweight": 165.72920657375573, "P8_JVASP-26_mp-blackP_FD-ELAST_vweight": 2.6760549335295538e-12, "P8_JVASP-7758_mp-12883_DFT-SCF_eweight": 214.0554766897186, "P8_JVASP-7758_mp-12883_DFT-SCF_fweight": 286.7137255962309, "P8_JVASP-7758_mp-12883_DFT-SCF_vweight": 1.55889688956866e-12, "P8_JVASP-7818_mp-157_FD-ELAST_eweight": 8.356135906381667, "P8_JVASP-7818_mp-157_FD-ELAST_fweight": 235.54961681627188, "P8_JVASP-7818_mp-157_FD-ELAST_vweight": 8.682151029753653e-12, "P8_JVASP-79517_mp-1064333_FD-ELAST_eweight": 5.814654876492818, "P8_JVASP-79517_mp-1064333_FD-ELAST_fweight": 85.43197696292782, "P8_JVASP-79517_mp-1064333_FD-ELAST_vweight": 5.27150223671462e-12, "P_JVASP-25311_mp-674158_DFT-SCF_eweight": 535.1947469188713, "P_JVASP-25311_mp-674158_DFT-SCF_fweight": 429.20629680686733, "P_JVASP-25311_mp-674158_DFT-SCF_vweight": 6.547114621677267e-12, "P_JVASP-7544_mp-ase-P_DFT-SCF_eweight": 836.1120563340079, "P_JVASP-7544_mp-ase-P_DFT-SCF_fweight": 43.81903078870038, "P_JVASP-7544_mp-ase-P_DFT-SCF_vweight": 9.8660921378396e-12, "P_JVASP-7544_mp-ase-P_FD-ELAST_eweight": 4.687818553127476, "P_JVASP-7544_mp-ase-P_FD-ELAST_fweight": 128.65927758553087, "P_JVASP-7544_mp-ase-P_FD-ELAST_vweight": 6.15020599181975e-12, "radelem_1": 0.6580102608121694, "radelem_2": 0.7794893225120265, "rcutfac": 2.9743422219731777, "rfac0": 0.9367849286225298, "twojmax_1": 4.107399031368999, "twojmax_2": 7.080006956774794, "wj_1": 0.7528099449226768, "wj_2": 0.5594751718697804}, "datetime": {"datetime": "2023-02-01 00:50:35", "elapsed": 141.110875, "delta": 19.848076}}
{"target": -6.81515039561371, "params": {"Al2P2_JVASP-8182_mp-8880_DFT-SCF_eweight": 661.5949055557941, "Al2P2_JVASP-8182_mp-8880_DFT-SCF_fweight": 18.42238074422569, "Al2P2_JVASP-8182_mp-8880_DFT-SCF_vweight": 3.811102640220617e-12, "Al2P2_JVASP-8182_mp-8880_FD-ELAST_eweight": 9.855879190852734, "Al2P2_JVASP-8182_mp-8880_FD-ELAST_fweight": 40.13214839085049, "Al2P2_JVASP-8182_mp-8880_FD-ELAST_vweight": 1.1870581850560783e-12, "Al2_JVASP-25408_mp-998860_FD-ELAST_eweight": 3.360795086174089, "Al2_JVASP-25408_mp-998860_FD-ELAST_fweight": 339.91425432830033, "Al2_JVASP-25408_mp-998860_FD-ELAST_vweight": 5.164819075743067e-12, "Al4P4_JVASP-1327_mp-1550_FD-ELAST_eweight": 4.92195149451659, "Al4P4_JVASP-1327_mp-1550_FD-ELAST_fweight": 316.36804428353923, "Al4P4_JVASP-1327_mp-1550_FD-ELAST_vweight": 9.60501025886287e-12, "Al4P4_JVASP-30519_mp-997569_FD-ELAST_eweight": 6.904509907259467, "Al4P4_JVASP-30519_mp-997569_FD-ELAST_fweight": 448.710437143491, "Al4P4_JVASP-30519_mp-997569_FD-ELAST_vweight": 5.51968373036125e-12, "Al4_JVASP-14615_mp-134_FD-ELAST_eweight": 7.331856699383389, "Al4_JVASP-14615_mp-134_FD-ELAST_fweight": 29.851141855238723, "Al4_JVASP-14615_mp-134_FD-ELAST_vweight": 4.056705469532225e-12, "Al4_JVASP-816_mp-134_FD-ELAST_eweight": 8.894625167207343, "Al4_JVASP-816_mp-134_FD-ELAST_fweight": 157.56163515526578, "Al4_JVASP-816_mp-134_FD-ELAST_vweight": 5.373441746680645e-12, "AlP_JVASP-1327_mp-1550_DFT-SCF_eweight": 414.9778196000225, "AlP_JVASP-1327_mp-1550_DFT-SCF_fweight": 221.05682023143802, "AlP_JVASP-1327_mp-1550_DFT-SCF_vweight": 9.445747576639435e-12, "Al_JVASP-14615_mp-134_DFT-SCF_eweight": 381.8633313692199, "Al_JVASP-14615_mp-134_DFT-SCF_fweight": 167.14591254608467, "Al_JVASP-14615_mp-134_DFT-SCF_vweight": 5.371240390893492e-12, "Al_JVASP-25408_mp-998860_DFT-SCF_eweight": 930.7780298379054, "Al_JVASP-25408_mp-998860_DFT-SCF_fweight": 209.35331293680244, "Al_JVASP-25408_mp-998860_DFT-SCF_vweight": 3.4399037992900134e-12, "Al_JVASP-7148_mp-ase-Al_DFT-SCF_eweight": 660.9377638046219, "Al_JVASP-7148_mp-ase-Al_DFT-SCF_fweight": 254.79951933161092, "Al_JVASP-7148_mp-ase-Al_DFT-SCF_vweight": 9.094249730495547e-12, "Al_JVASP-7148_mp-ase-Al_FD-ELAST_eweight": 9.03453149457204, "Al_JVASP-7148_mp-ase-Al_FD-ELAST_fweight": 278.9979139422522, "Al_JVASP-7148_mp-ase-Al_FD-ELAST_vweight": 8.432065724098612e-12, "Al_JVASP-816_mp-134_DFT-SCF_eweight": 905.7975624860145, "Al_JVASP-816_mp-134_DFT-SCF_fweight": 225.8082033891947, "Al_JVASP-816_mp-134_DFT-SCF_vweight": 3.089423182572021e-12, "P16_JVASP-25091_mp-12883_FD-ELAST_eweight": 2.6193229465140866, "P16_JVASP-25091_mp-12883_FD-ELAST_fweight": 333.3723013704583, "P16_JVASP-25091_mp-12883_FD-ELAST_vweight": 6.312130814104323e-12, "P16_JVASP-7758_mp-12883_FD-ELAST_eweight": 9.025294569799339, "P16_JVASP-7758_mp-12883_FD-ELAST_fweight": 391.97579762106454, "P16_JVASP-7758_mp-12883_FD-ELAST_vweight": 1.6382161197419716e-12, "P24_JVASP-25087_mp-118_DFT-SCF_eweight": 827.0015508570937, "P24_JVASP-25087_mp-118_DFT-SCF_fweight": 323.17629651891065, "P24_JVASP-25087_mp-118_DFT-SCF_vweight": 9.193130851381494e-12, "P24_JVASP-25087_mp-118_FD-ELAST_eweight": 2.9657301283465634, "P24_JVASP-25087_mp-118_FD-ELAST_fweight": 430.27106749849276, "P24_JVASP-25087_mp-118_FD-ELAST_vweight": 9.243455915774562e-12, "P2_JVASP-14611_mp-130_DFT-SCF_eweight": 330.1492217571374, "P2_JVASP-14611_mp-130_DFT-SCF_fweight": 405.37586988190674, "P2_JVASP-14611_mp-130_DFT-SCF_vweight": 3.241775301297195e-12, "P2_JVASP-15781_mp-7245_DFT-SCF_eweight": 554.293794655197, "P2_JVASP-15781_mp-7245_DFT-SCF_fweight": 463.24765651818177, "P2_JVASP-15781_mp-7245_DFT-SCF_vweight": 5.87460839566183e-12, "P2_JVASP-25047_mp-130_DFT-SCF_eweight": 174.8304130004094, "P2_JVASP-25047_mp-130_DFT-SCF_fweight": 416.255184030254, "P2_JVASP-25047_mp-130_DFT-SCF_vweight": 4.910953439245092e-12, "P2_JVASP-25186_mp-53_DFT-SCF_eweight": 406.553623034007, "P2_JVASP-25186_mp-53_DFT-SCF_fweight": 228.80478330984897, "P2_JVASP-25186_mp-53_DFT-SCF_vweight": 5.836897094296475e-12, "P2_JVASP-25186_mp-53_FD-ELAST_eweight": 8.24305554759091, "P2_JVASP-25186_mp-53_FD-ELAST_fweight": 33.6629251880277, "P2_JVASP-25186_mp-53_FD-ELAST_vweight": 7.522033348982142e-12, "P2_JVASP-25326_mp-7245_DFT-SCF_eweight": 979.130265246657, "P2_JVASP-25326_mp-7245_DFT-SCF_fweight": 366.70844911798974, "P2_JVASP-25326_mp-7245_DFT-SCF_vweight": 7.489626553610195e-12, "P2_JVASP-7547_mp-ase-P2_DFT-SCF_eweight": 685.9981796885376, "P2_JVASP-7547_mp-ase-P2_DFT-SCF_fweight": 110.58526525889097, "P2_JVASP-7547_mp-ase-P2_DFT-SCF_vweight": 3.1566880319631713e-12, "P2_JVASP-7547_mp-ase-P2_FD-ELAST_eweight": 1.4049595544636992, "P2_JVASP-7547_mp-ase-P2_FD-ELAST_fweight": 310.5887253120468, "P2_JVASP-7547_mp-ase-P2_FD-ELAST_vweight": 4.210522823494617e-12, "P4_JVASP-15781_mp-7245_FD-ELAST_eweight": 7.852590052593181, "P4_JVASP-15781_mp-7245_FD-ELAST_fweight": 86.00253360960997, "P4_JVASP-15781_mp-7245_FD-ELAST_vweight": 4.597264572191107e-12, "P4_JVASP-25063_mp-1014013_DFT-SCF_eweight": 509.63803518965733, "P4_JVASP-25063_mp-1014013_DFT-SCF_fweight": 67.29142652154798, "P4_JVASP-25063_mp-1014013_DFT-SCF_vweight": 9.961048547691785e-12, "P4_JVASP-25063_mp-1014013_FD-ELAST_eweight": 6.281529421199965, "P4_JVASP-25063_mp-1014013_FD-ELAST_fweight": 248.84900356115136, "P4_JVASP-25063_mp-1014013_FD-ELAST_vweight": 9.568210793272703e-12, "P4_JVASP-25144_mp-157_DFT-SCF_eweight": 975.5398772571845, "P4_JVASP-25144_mp-157_DFT-SCF_fweight": 345.2248407713705, "P4_JVASP-25144_mp-157_DFT-SCF_vweight": 9.735875903631393e-12, "P4_JVASP-25267_mp-604573_DFT-SCF_eweight": 627.9649022459002, "P4_JVASP-25267_mp-604573_DFT-SCF_fweight": 169.6040480209427, "P4_JVASP-25267_mp-604573_DFT-SCF_vweight": 1.2103437940570555e-12, "P4_JVASP-25311_mp-674158_FD-ELAST_eweight": 5.571249379944952, "P4_JVASP-25311_mp-674158_FD-ELAST_fweight": 199.56202923144386, "P4_JVASP-25311_mp-674158_FD-ELAST_vweight": 8.821896233227484e-12, "P4_JVASP-25326_mp-7245_FD-ELAST_eweight": 1.2724157094062027, "P4_JVASP-25326_mp-7245_FD-ELAST_fweight": 349.56654316708386, "P4_JVASP-25326_mp-7245_FD-ELAST_vweight": 2.8674137101377635e-12, "P4_JVASP-26_mp-blackP_DFT-SCF_eweight": 243.60020566299823, "P4_JVASP-26_mp-blackP_DFT-SCF_fweight": 234.2302321518361, "P4_JVASP-26_mp-blackP_DFT-SCF_vweight": 8.036858455200321e-12, "P4_JVASP-7818_mp-157_DFT-SCF_eweight": 998.5221060645804, "P4_JVASP-7818_mp-157_DFT-SCF_fweight": 79.26430538913618, "P4_JVASP-7818_mp-157_DFT-SCF_vweight": 8.342069473609897e-12, "P4_JVASP-79517_mp-1064333_DFT-SCF_eweight": 287.2043819186332, "P4_JVASP-79517_mp-1064333_DFT-SCF_fweight": 161.60033797656655, "P4_JVASP-79517_mp-1064333_DFT-SCF_vweight": 8.238754529725445e-12, "P6_JVASP-14611_mp-130_FD-ELAST_eweight": 4.269110408874511, "P6_JVASP-14611_mp-130_FD-ELAST_fweight": 385.6555543188316, "P6_JVASP-14611_mp-130_FD-ELAST_vweight": 8.070970310374728e-12, "P6_JVASP-25047_mp-130_FD-ELAST_eweight": 4.784550023880456, "P6_JVASP-25047_mp-130_FD-ELAST_fweight": 180.24622002040368, "P6_JVASP-25047_mp-130_FD-ELAST_vweight": 6.3269484532127325e-12, "P8_JVASP-25091_mp-12883_DFT-SCF_eweight": 152.9482077823203, "P8_JVASP-25091_mp-12883_DFT-SCF_fweight": 92.45099918343038, "P8_JVASP-25091_mp-12883_DFT-SCF_vweight": 4.644941748769183e-12, "P8_JVASP-25144_mp-157_FD-ELAST_eweight": 6.5024307473789085, "P8_JVASP-25144_mp-157_FD-ELAST_fweight": 123.74759981942884, "P8_JVASP-25144_mp-157_FD-ELAST_vweight": 3.957728786592409e-12, "P8_JVASP-26_mp-blackP_FD-ELAST_eweight": 9.701680046899181, "P8_JVASP-26_mp-blackP_FD-ELAST_fweight": 271.1809743965242, "P8_JVASP-26_mp-blackP_FD-ELAST_vweight": 6.375597959487939e-12, "P8_JVASP-7758_mp-12883_DFT-SCF_eweight": 178.42137919347638, "P8_JVASP-7758_mp-12883_DFT-SCF_fweight": 205.43122385497048, "P8_JVASP-7758_mp-12883_DFT-SCF_vweight": 5.381255730693799e-12, "P8_JVASP-7818_mp-157_FD-ELAST_eweight": 4.358541866409151, "P8_JVASP-7818_mp-157_FD-ELAST_fweight": 222.52048200188491, "P8_JVASP-7818_mp-157_FD-ELAST_vweight": 3.9890233669377935e-12, "P8_JVASP-79517_mp-1064333_FD-ELAST_eweight": 1.33209442296562, "P8_JVASP-79517_mp-1064333_FD-ELAST_fweight": 147.5934427373273, "P8_JVASP-79517_mp-1064333_FD-ELAST_vweight": 6.526322310967898e-12, "P_JVASP-25311_mp-674158_DFT-SCF_eweight": 359.70972452275635, "P_JVASP-25311_mp-674158_DFT-SCF_fweight": 213.16348333785928, "P_JVASP-25311_mp-674158_DFT-SCF_vweight": 3.602152993781078e-12, "P_JVASP-7544_mp-ase-P_DFT-SCF_eweight": 151.1391039485192, "P_JVASP-7544_mp-ase-P_DFT-SCF_fweight": 354.601600735947, "P_JVASP-7544_mp-ase-P_DFT-SCF_vweight": 1.6394381133916079e-12, "P_JVASP-7544_mp-ase-P_FD-ELAST_eweight": 9.535964098046943, "P_JVASP-7544_mp-ase-P_FD-ELAST_fweight": 32.92422225287575, "P_JVASP-7544_mp-ase-P_FD-ELAST_vweight": 3.28073819346644e-12, "radelem_1": 1.0855627070587208, "radelem_2": 0.9986137482297401, "rcutfac": 3.5068664687934694, "rfac0": 0.9283268924696614, "twojmax_1": 7.50694184025267, "twojmax_2": 4.664121788551926, "wj_1": 0.8801470049620246, "wj_2": 0.505797783212175}, "datetime": {"datetime": "2023-02-01 00:51:07", "elapsed": 173.491612, "delta": 32.380737}}
