{"target": -4.338336109822663, "params": {"Al2P2_JVASP-8182_mp-8880_DFT-SCF_eweight": 664.1362864160282, "Al2P2_JVASP-8182_mp-8880_DFT-SCF_fweight": 150.3662865830829, "Al2P2_JVASP-8182_mp-8880_DFT-SCF_vweight": 2.8475103783483424e-12, "Al2P2_JVASP-8182_mp-8880_FD-ELAST_eweight": 7.618622279579212, "Al2P2_JVASP-8182_mp-8880_FD-ELAST_fweight": 21.722580220697836, "Al2P2_JVASP-8182_mp-8880_FD-ELAST_vweight": 6.4253187585754e-12, "Al2_JVASP-25408_mp-998860_FD-ELAST_eweight": 5.998209434599416, "Al2_JVASP-25408_mp-998860_FD-ELAST_fweight": 247.71622323578376, "Al2_JVASP-25408_mp-998860_FD-ELAST_vweight": 6.456170123260496e-12, "Al4P4_JVASP-1327_mp-1550_FD-ELAST_eweight": 9.846934721138483, "Al4P4_JVASP-1327_mp-1550_FD-ELAST_fweight": 498.1415148701344, "Al4P4_JVASP-1327_mp-1550_FD-ELAST_vweight": 2.29783740171401e-12, "Al4P4_JVASP-30519_mp-997569_FD-ELAST_eweight": 5.226103194837494, "Al4P4_JVASP-30519_mp-997569_FD-ELAST_fweight": 165.59131000427203, "Al4P4_JVASP-30519_mp-997569_FD-ELAST_vweight": 8.266080099113272e-12, "Al4_JVASP-14615_mp-134_FD-ELAST_eweight": 1.3106514162356435, "Al4_JVASP-14615_mp-134_FD-ELAST_fweight": 40.19540187842142, "Al4_JVASP-14615_mp-134_FD-ELAST_vweight": 9.509150705676288e-12, "Al4_JVASP-816_mp-134_FD-ELAST_eweight": 7.6813581602709595, "Al4_JVASP-816_mp-134_FD-ELAST_fweight": 388.99738514030724, "Al4_JVASP-816_mp-134_FD-ELAST_vweight": 2.9727704504204254e-12, "AlP_JVASP-1327_mp-1550_DFT-SCF_eweight": 220.27810289724374, "AlP_JVASP-1327_mp-1550_DFT-SCF_fweight": 268.780609666827, "AlP_JVASP-1327_mp-1550_DFT-SCF_vweight": 4.913635227725682e-12, "Al_JVASP-14615_mp-134_DFT-SCF_eweight": 317.88038357367594, "Al_JVASP-14615_mp-134_DFT-SCF_fweight": 248.8736968301903, "Al_JVASP-14615_mp-134_DFT-SCF_vweight": 1.8709362738389046e-12, "Al_JVASP-25408_mp-998860_DFT-SCF_eweight": 381.91420394725395, "Al_JVASP-25408_mp-998860_DFT-SCF_fweight": 457.7135179432115, "Al_JVASP-25408_mp-998860_DFT-SCF_vweight": 4.806021247159602e-12, "Al_JVASP-7148_mp-ase-Al_DFT-SCF_eweight": 319.57892891370443, "Al_JVASP-7148_mp-ase-Al_DFT-SCF_fweight": 166.15971904503937, "Al_JVASP-7148_mp-ase-Al_DFT-SCF_vweight": 6.8267067664219386e-12, "Al_JVASP-7148_mp-ase-Al_FD-ELAST_eweight": 7.612844859143381, "Al_JVASP-7148_mp-ase-Al_FD-ELAST_fweight": 392.53473201382525, "Al_JVASP-7148_mp-ase-Al_FD-ELAST_vweight": 7.174613460094864e-12, "Al_JVASP-816_mp-134_DFT-SCF_eweight": 589.183483845484, "Al_JVASP-816_mp-134_DFT-SCF_fweight": 486.61339828185123, "Al_JVASP-816_mp-134_DFT-SCF_vweight": 7.111584965150751e-12, "P16_JVASP-25091_mp-12883_FD-ELAST_eweight": 6.804196096554778, "P16_JVASP-25091_mp-12883_FD-ELAST_fweight": 475.55516994204305, "P16_JVASP-25091_mp-12883_FD-ELAST_vweight": 9.521588526274697e-12, "P16_JVASP-7758_mp-12883_FD-ELAST_eweight": 5.127449901698581, "P16_JVASP-7758_mp-12883_FD-ELAST_fweight": 371.27844690604564, "P16_JVASP-7758_mp-12883_FD-ELAST_vweight": 5.956698905513923e-12, "P24_JVASP-25087_mp-118_DFT-SCF_eweight": 242.2759911649783, "P24_JVASP-25087_mp-118_DFT-SCF_fweight": 450.32272420392843, "P24_JVASP-25087_mp-118_DFT-SCF_vweight": 5.135052164127457e-12, "P24_JVASP-25087_mp-118_FD-ELAST_eweight": 7.0434778498938195, "P24_JVASP-25087_mp-118_FD-ELAST_fweight": 428.87520259457597, "P24_JVASP-25087_mp-118_FD-ELAST_vweight": 4.700196954769518e-12, "P2_JVASP-14611_mp-130_DFT-SCF_eweight": 472.35874194927607, "P2_JVASP-14611_mp-130_DFT-SCF_fweight": 64.35004528360653, "P2_JVASP-14611_mp-130_DFT-SCF_vweight": 6.9504426067532095e-12, "P2_JVASP-15781_mp-7245_DFT-SCF_eweight": 955.7049843793742, "P2_JVASP-15781_mp-7245_DFT-SCF_fweight": 265.51490082199416, "P2_JVASP-15781_mp-7245_DFT-SCF_vweight": 5.078652955074175e-12, "P2_JVASP-25047_mp-130_DFT-SCF_eweight": 893.0181337898563, "P2_JVASP-25047_mp-130_DFT-SCF_fweight": 143.3553618068163, "P2_JVASP-25047_mp-130_DFT-SCF_vweight": 3.638749964307843e-12, "P2_JVASP-25186_mp-53_DFT-SCF_eweight": 226.97241149002542, "P2_JVASP-25186_mp-53_DFT-SCF_fweight": 44.308861065800855, "P2_JVASP-25186_mp-53_DFT-SCF_vweight": 6.696944475051343e-12, "P2_JVASP-25186_mp-53_FD-ELAST_eweight": 1.4006805071106545, "P2_JVASP-25186_mp-53_FD-ELAST_fweight": 221.78055036077646, "P2_JVASP-25186_mp-53_FD-ELAST_vweight": 3.2755985533300517e-12, "P2_JVASP-25326_mp-7245_DFT-SCF_eweight": 785.2060578631502, "P2_JVASP-25326_mp-7245_DFT-SCF_fweight": 289.16804674563434, "P2_JVASP-25326_mp-7245_DFT-SCF_vweight": 5.560723439079492e-12, "P2_JVASP-7547_mp-ase-P2_DFT-SCF_eweight": 811.3122909727364, "P2_JVASP-7547_mp-ase-P2_DFT-SCF_fweight": 384.5819781687967, "P2_JVASP-7547_mp-ase-P2_DFT-SCF_vweight": 2.2736529682944905e-12, "P2_JVASP-7547_mp-ase-P2_FD-ELAST_eweight": 3.3579963019674777, "P2_JVASP-7547_mp-ase-P2_FD-ELAST_fweight": 256.8125573303398, "P2_JVASP-7547_mp-ase-P2_FD-ELAST_vweight": 9.650274583171583e-12, "P4_JVASP-15781_mp-7245_FD-ELAST_eweight": 3.5338336949619276, "P4_JVASP-15781_mp-7245_FD-ELAST_fweight": 41.28793626931485, "P4_JVASP-15781_mp-7245_FD-ELAST_vweight": 9.674725109514029e-12, "P4_JVASP-25063_mp-1014013_DFT-SCF_eweight": 597.7807299211788, "P4_JVASP-25063_mp-1014013_DFT-SCF_fweight": 342.91569539012823, "P4_JVASP-25063_mp-1014013_DFT-SCF_vweight": 1.6038997710588155e-12, "P4_JVASP-25063_mp-1014013_FD-ELAST_eweight": 2.2318712731995776, "P4_JVASP-25063_mp-1014013_FD-ELAST_fweight": 311.3814836896617, "P4_JVASP-25063_mp-1014013_FD-ELAST_vweight": 1.6020210750524731e-12, "P4_JVASP-25144_mp-157_DFT-SCF_eweight": 223.04113855925638, "P4_JVASP-25144_mp-157_DFT-SCF_fweight": 303.0445450086102, "P4_JVASP-25144_mp-157_DFT-SCF_vweight": 7.468257464685165e-12, "P4_JVASP-25267_mp-604573_DFT-SCF_eweight": 445.8310901531092, "P4_JVASP-25267_mp-604573_DFT-SCF_fweight": 330.2379873948214, "P4_JVASP-25267_mp-604573_DFT-SCF_vweight": 7.869780114960095e-12, "P4_JVASP-25311_mp-674158_FD-ELAST_eweight": 9.724745001806857, "P4_JVASP-25311_mp-674158_FD-ELAST_fweight": 341.74588775190136, "P4_JVASP-25311_mp-674158_FD-ELAST_vweight": 9.095268082910046e-12, "P4_JVASP-25326_mp-7245_FD-ELAST_eweight": 2.7322986280868866, "P4_JVASP-25326_mp-7245_FD-ELAST_fweight": 21.461764052435328, "P4_JVASP-25326_mp-7245_FD-ELAST_vweight": 7.353772013581707e-12, "P4_JVASP-26_mp-blackP_DFT-SCF_eweight": 210.19410364947777, "P4_JVASP-26_mp-blackP_DFT-SCF_fweight": 461.0446631407305, "P4_JVASP-26_mp-blackP_DFT-SCF_vweight": 6.587877935239175e-12, "P4_JVASP-7818_mp-157_DFT-SCF_eweight": 841.2233807653488, "P4_JVASP-7818_mp-157_DFT-SCF_fweight": 255.98229509635254, "P4_JVASP-7818_mp-157_DFT-SCF_vweight": 7.966634226112074e-12, "P4_JVASP-79517_mp-1064333_DFT-SCF_eweight": 502.9074480965445, "P4_JVASP-79517_mp-1064333_DFT-SCF_fweight": 34.26215253086285, "P4_JVASP-79517_mp-1064333_DFT-SCF_vweight": 8.82285979197696e-12, "P6_JVASP-14611_mp-130_FD-ELAST_eweight": 5.262440597906313, "P6_JVASP-14611_mp-130_FD-ELAST_fweight": 303.87510544118845, "P6_JVASP-14611_mp-130_FD-ELAST_vweight": 8.984203833442117e-12, "P6_JVASP-25047_mp-130_FD-ELAST_eweight": 4.792323781275533, "P6_JVASP-25047_mp-130_FD-ELAST_fweight": 171.62845927118724, "P6_JVASP-25047_mp-130_FD-ELAST_vweight": 5.765487068292942e-12, "P8_JVASP-25091_mp-12883_DFT-SCF_eweight": 806.7789528013462, "P8_JVASP-25091_mp-12883_DFT-SCF_fweight": 135.8230712580516, "P8_JVASP-25091_mp-12883_DFT-SCF_vweight": 9.834009409043143e-12, "P8_JVASP-25144_mp-157_FD-ELAST_eweight": 6.294284954295251, "P8_JVASP-25144_mp-157_FD-ELAST_fweight": 300.6077245214636, "P8_JVASP-25144_mp-157_FD-ELAST_vweight": 5.6411607711541415e-12, "P8_JVASP-26_mp-blackP_FD-ELAST_eweight": 2.7073201785314516, "P8_JVASP-26_mp-blackP_FD-ELAST_fweight": 447.3208060587226, "P8_JVASP-26_mp-blackP_FD-ELAST_vweight": 8.338696860745404e-12, "P8_JVASP-7758_mp-12883_DFT-SCF_eweight": 872.1206159546465, "P8_JVASP-7758_mp-12883_DFT-SCF_fweight": 183.70949388156617, "P8_JVASP-7758_mp-12883_DFT-SCF_vweight": 1.3022685680434384e-12, "P8_JVASP-7818_mp-157_FD-ELAST_eweight": 5.6707433263475515, "P8_JVASP-7818_mp-157_FD-ELAST_fweight": 316.51346462949397, "P8_JVASP-7818_mp-157_FD-ELAST_vweight": 1.5764439540061399e-12, "P8_JVASP-79517_mp-1064333_FD-ELAST_eweight": 3.479665425832158, "P8_JVASP-79517_mp-1064333_FD-ELAST_fweight": 190.17088645251087, "P8_JVASP-79517_mp-1064333_FD-ELAST_vweight": 6.940087313732327e-12, "P_JVASP-25311_mp-674158_DFT-SCF_eweight": 123.08243700729699, "P_JVASP-25311_mp-674158_DFT-SCF_fweight": 191.62178366712894, "P_JVASP-25311_mp-674158_DFT-SCF_vweight": 5.2380588943821505e-12, "P_JVASP-7544_mp-ase-P_DFT-SCF_eweight": 564.4919970058861, "P_JVASP-7544_mp-ase-P_DFT-SCF_fweight": 20.362307576138218, "P_JVASP-7544_mp-ase-P_DFT-SCF_vweight": 3.837601865994718e-12, "P_JVASP-7544_mp-ase-P_FD-ELAST_eweight": 4.45509770997375, "P_JVASP-7544_mp-ase-P_FD-ELAST_fweight": 311.72909074425775, "P_JVASP-7544_mp-ase-P_FD-ELAST_vweight": 1.6047000795839771e-12, "radelem_1": 0.6829253532249926, "radelem_2": 0.500760082733682, "rcutfac": 4.172026631777121, "rfac0": 0.9245363818169628, "twojmax_1": 6.288303580457024, "twojmax_2": 4.001942759826884, "wj_1": 0.8602843168849766, "wj_2": 0.9492644428011487}, "datetime": {"datetime": "2023-02-01 00:48:53", "elapsed": 39.303559, "delta": 15.38697}}
{"target": -5.683505342222739, "params": {"Al2P2_JVASP-8182_mp-8880_DFT-SCF_eweight": 786.8134372816943, "Al2P2_JVASP-8182_mp-8880_DFT-SCF_fweight": 368.9420831558189, "Al2P2_JVASP-8182_mp-8880_DFT-SCF_vweight": 1.2729845498625934e-12, "Al2P2_JVASP-8182_mp-8880_FD-ELAST_eweight": 3.3983113493830026, "Al2P2_JVASP-8182_mp-8880_FD-ELAST_fweight": 298.53051225657606, "Al2P2_JVASP-8182_mp-8880_FD-ELAST_vweight": 6.917350436560623e-12, "Al2_JVASP-25408_mp-998860_FD-ELAST_eweight": 6.168159665471148, "Al2_JVASP-25408_mp-998860_FD-ELAST_fweight": 31.287565073198753, "Al2_JVASP-25408_mp-998860_FD-ELAST_vweight": 2.5936300604671816e-12, "Al4P4_JVASP-1327_mp-1550_FD-ELAST_eweight": 2.087577692388595, "Al4P4_JVASP-1327_mp-1550_FD-ELAST_fweight": 490.6969750524495, "Al4P4_JVASP-1327_mp-1550_FD-ELAST_vweight": 2.8591092566122733e-12, "Al4P4_JVASP-30519_mp-997569_FD-ELAST_eweight": 8.184962148432755, "Al4P4_JVASP-30519_mp-997569_FD-ELAST_fweight": 118.17742288975566, "Al4P4_JVASP-30519_mp-997569_FD-ELAST_vweight": 1.6965708238595607e-12, "Al4_JVASP-14615_mp-134_FD-ELAST_eweight": 6.627543799853557, "Al4_JVASP-14615_mp-134_FD-ELAST_fweight": 13.267533936232427, "Al4_JVASP-14615_mp-134_FD-ELAST_vweight": 9.784079076645492e-12, "Al4_JVASP-816_mp-134_FD-ELAST_eweight": 1.2594665273478234, "Al4_JVASP-816_mp-134_FD-ELAST_fweight": 92.80066775089259, "Al4_JVASP-816_mp-134_FD-ELAST_vweight": 5.307608040126013e-12, "AlP_JVASP-1327_mp-1550_DFT-SCF_eweight": 560.2550658677671, "AlP_JVASP-1327_mp-1550_DFT-SCF_fweight": 456.2298135354148, "AlP_JVASP-1327_mp-1550_DFT-SCF_vweight": 7.539494291351262e-12, "Al_JVASP-14615_mp-134_DFT-SCF_eweight": 632.1712951048581, "Al_JVASP-14615_mp-134_DFT-SCF_fweight": 184.51288259474111, "Al_JVASP-14615_mp-134_DFT-SCF_vweight": 7.097954780872215e-12, "Al_JVASP-25408_mp-998860_DFT-SCF_eweight": 178.4217709707527, "Al_JVASP-25408_mp-998860_DFT-SCF_fweight": 210.75831823102618, "Al_JVASP-25408_mp-998860_DFT-SCF_vweight": 2.7950089687811754e-12, "Al_JVASP-7148_mp-ase-Al_DFT-SCF_eweight": 939.8328140484225, "Al_JVASP-7148_mp-ase-Al_DFT-SCF_fweight": 35.29375619004848, "Al_JVASP-7148_mp-ase-Al_DFT-SCF_vweight": 7.556593810113264e-12, "Al_JVASP-7148_mp-ase-Al_FD-ELAST_eweight": 7.274817716002164, "Al_JVASP-7148_mp-ase-Al_FD-ELAST_fweight": 448.0477603457173, "Al_JVASP-7148_mp-ase-Al_FD-ELAST_vweight": 7.190268913743885e-12, "Al_JVASP-816_mp-134_DFT-SCF_eweight": 977.2070967288195, "Al_JVASP-816_mp-134_DFT-SCF_fweight": 189.23454036489727, "Al_JVASP-816_mp-134_DFT-SCF_vweight": 6.997175911455145e-12, "P16_JVASP-25091_mp-12883_FD-ELAST_eweight": 1.7960349428279132, "P16_JVASP-25091_mp-12883_FD-ELAST_fweight": 345.5332654235517, "P16_JVASP-25091_mp-12883_FD-ELAST_vweight": 6.1085843718864864e-12, "P16_JVASP-7758_mp-12883_FD-ELAST_eweight": 2.7886650445476686, "P16_JVASP-7758_mp-12883_FD-ELAST_fweight": 269.40236261956403, "P16_JVASP-7758_mp-12883_FD-ELAST_vweight": 4.627998696187453e-12, "P24_JVASP-25087_mp-118_DFT-SCF_eweight": 811.5385795434836, "P24_JVASP-25087_mp-118_DFT-SCF_fweight": 367.4443860343513, "P24_JVASP-25087_mp-118_DFT-SCF_vweight": 3.182195803611367e-12, "P24_JVASP-25087_mp-118_FD-ELAST_eweight": 5.468483240415447, "P24_JVASP-25087_mp-118_FD-ELAST_fweight": 298.3505239891441, "P24_JVASP-25087_mp-118_FD-ELAST_vweight": 6.7779436905894475e-12, "P2_JVASP-14611_mp-130_DFT-SCF_eweight": 942.5547833684644, "P2_JVASP-14611_mp-130_DFT-SCF_fweight": 79.44766669629628, "P2_JVASP-14611_mp-130_DFT-SCF_vweight": 8.779450606513006e-12, "P2_JVASP-15781_mp-7245_DFT-SCF_eweight": 115.64120067986468, "P2_JVASP-15781_mp-7245_DFT-SCF_fweight": 355.3663481486574, "P2_JVASP-15781_mp-7245_DFT-SCF_vweight": 9.244067184318798e-12, "P2_JVASP-25047_mp-130_DFT-SCF_eweight": 484.94802814410644, "P2_JVASP-25047_mp-130_DFT-SCF_fweight": 333.7329276536223, "P2_JVASP-25047_mp-130_DFT-SCF_vweight": 2.1003185447514874e-12, "P2_JVASP-25186_mp-53_DFT-SCF_eweight": 239.88248411323764, "P2_JVASP-25186_mp-53_DFT-SCF_fweight": 359.6875435247822, "P2_JVASP-25186_mp-53_DFT-SCF_vweight": 3.5317112552502135e-12, "P2_JVASP-25186_mp-53_FD-ELAST_eweight": 1.1212121467299325, "P2_JVASP-25186_mp-53_FD-ELAST_fweight": 396.0612165093387, "P2_JVASP-25186_mp-53_FD-ELAST_vweight": 7.341569020877788e-12, "P2_JVASP-25326_mp-7245_DFT-SCF_eweight": 113.86664187793362, "P2_JVASP-25326_mp-7245_DFT-SCF_fweight": 271.9590140127637, "P2_JVASP-25326_mp-7245_DFT-SCF_vweight": 6.14284161908284e-12, "P2_JVASP-7547_mp-ase-P2_DFT-SCF_eweight": 475.4642147517591, "P2_JVASP-7547_mp-ase-P2_DFT-SCF_fweight": 185.06038052386972, "P2_JVASP-7547_mp-ase-P2_DFT-SCF_vweight": 3.04476391518442e-12, "P2_JVASP-7547_mp-ase-P2_FD-ELAST_eweight": 3.0640132931200332, "P2_JVASP-7547_mp-ase-P2_FD-ELAST_fweight": 113.32550031803876, "P2_JVASP-7547_mp-ase-P2_FD-ELAST_vweight": 6.667332237882436e-12, "P4_JVASP-15781_mp-7245_FD-ELAST_eweight": 3.20438554416745, "P4_JVASP-15781_mp-7245_FD-ELAST_fweight": 33.06644563374835, "P4_JVASP-15781_mp-7245_FD-ELAST_vweight": 9.332014702660292e-12, "P4_JVASP-25063_mp-1014013_DFT-SCF_eweight": 330.16178296266526, "P4_JVASP-25063_mp-1014013_DFT-SCF_fweight": 75.93949027126206, "P4_JVASP-25063_mp-1014013_DFT-SCF_vweight": 8.861019391952899e-12, "P4_JVASP-25063_mp-1014013_FD-ELAST_eweight": 2.943288607001001, "P4_JVASP-25063_mp-1014013_FD-ELAST_fweight": 115.76009795164283, "P4_JVASP-25063_mp-1014013_FD-ELAST_vweight": 2.538227564954795e-12, "P4_JVASP-25144_mp-157_DFT-SCF_eweight": 981.1564448426043, "P4_JVASP-25144_mp-157_DFT-SCF_fweight": 87.69131595151099, "P4_JVASP-25144_mp-157_DFT-SCF_vweight": 1.2324007697503272e-12, "P4_JVASP-25267_mp-604573_DFT-SCF_eweight": 140.78293634856317, "P4_JVASP-25267_mp-604573_DFT-SCF_fweight": 88.7267379756696, "P4_JVASP-25267_mp-604573_DFT-SCF_vweight": 3.819873301933824e-12, "P4_JVASP-25311_mp-674158_FD-ELAST_eweight": 7.581989820006777, "P4_JVASP-25311_mp-674158_FD-ELAST_fweight": 145.76682378444477, "P4_JVASP-25311_mp-674158_FD-ELAST_vweight": 1.4035175065794336e-12, "P4_JVASP-25326_mp-7245_FD-ELAST_eweight": 1.72104484340814, "P4_JVASP-25326_mp-7245_FD-ELAST_fweight": 320.9251071206277, "P4_JVASP-25326_mp-7245_FD-ELAST_vweight": 8.428314192235288e-12, "P4_JVASP-26_mp-blackP_DFT-SCF_eweight": 620.7944894490199, "P4_JVASP-26_mp-blackP_DFT-SCF_fweight": 157.99639858475092, "P4_JVASP-26_mp-blackP_DFT-SCF_vweight": 9.732406769970122e-12, "P4_JVASP-7818_mp-157_DFT-SCF_eweight": 983.2241681883557, "P4_JVASP-7818_mp-157_DFT-SCF_fweight": 169.05138116159475, "P4_JVASP-7818_mp-157_DFT-SCF_vweight": 6.26785164019589e-12, "P4_JVASP-79517_mp-1064333_DFT-SCF_eweight": 575.1202206653579, "P4_JVASP-79517_mp-1064333_DFT-SCF_fweight": 187.2384394578782, "P4_JVASP-79517_mp-1064333_DFT-SCF_vweight": 3.759866704625786e-12, "P6_JVASP-14611_mp-130_FD-ELAST_eweight": 2.7050421222202976, "P6_JVASP-14611_mp-130_FD-ELAST_fweight": 1.2722919597380558, "P6_JVASP-14611_mp-130_FD-ELAST_vweight": 1.4118980663049944e-12, "P6_JVASP-25047_mp-130_FD-ELAST_eweight": 4.393301786644658, "P6_JVASP-25047_mp-130_FD-ELAST_fweight": 255.47508879851722, "P6_JVASP-25047_mp-130_FD-ELAST_vweight": 7.209953038723251e-12, "P8_JVASP-25091_mp-12883_DFT-SCF_eweight": 571.1330201520911, "P8_JVASP-25091_mp-12883_DFT-SCF_fweight": 22.34601549639303, "P8_JVASP-25091_mp-12883_DFT-SCF_vweight": 7.897351034749994e-12, "P8_JVASP-25144_mp-157_FD-ELAST_eweight": 6.758136356590516, "P8_JVASP-25144_mp-157_FD-ELAST_fweight": 367.85201247976494, "P8_JVASP-25144_mp-157_FD-ELAST_vweight": 4.237885977401788e-12, "P8_JVASP-26_mp-blackP_FD-ELAST_eweight": 8.153829558349063, "P8_JVASP-26_mp-blackP_FD-ELAST_fweight": 176.9817978448391, "P8_JVASP-26_mp-blackP_FD-ELAST_vweight": 2.4212390399447337e-12, "P8_JVASP-7758_mp-12883_DFT-SCF_eweight": 923.1771804533785, "P8_JVASP-7758_mp-12883_DFT-SCF_fweight": 384.50881069911, "P8_JVASP-7758_mp-12883_DFT-SCF_vweight": 1.5784332682081057e-12, "P8_JVASP-7818_mp-157_FD-ELAST_eweight": 2.2237481011684146, "P8_JVASP-7818_mp-157_FD-ELAST_fweight": 16.081957331403363, "P8_JVASP-7818_mp-157_FD-ELAST_vweight": 2.9421920064876845e-12, "P8_JVASP-79517_mp-1064333_FD-ELAST_eweight": 9.09182344178836, "P8_JVASP-79517_mp-1064333_FD-ELAST_fweight": 301.6413745740207, "P8_JVASP-79517_mp-1064333_FD-ELAST_vweight": 4.087837729106162e-12, "P_JVASP-25311_mp-674158_DFT-SCF_eweight": 164.23933003053568, "P_JVASP-25311_mp-674158_DFT-SCF_fweight": 172.8728751472843, "P_JVASP-25311_mp-674158_DFT-SCF_vweight": 2.652574557862824e-12, "P_JVASP-7544_mp-ase-P_DFT-SCF_eweight": 658.199335291136, "P_JVASP-7544_mp-ase-P_DFT-SCF_fweight": 207.73674963359176, "P_JVASP-7544_mp-ase-P_DFT-SCF_vweight": 2.7471637896576675e-12, "P_JVASP-7544_mp-ase-P_FD-ELAST_eweight": 5.255495005187425, "P_JVASP-7544_mp-ase-P_FD-ELAST_fweight": 296.3954078581222, "P_JVASP-7544_mp-ase-P_FD-ELAST_vweight": 2.3885624080810496e-12, "radelem_1": 1.0075305679122284, "radelem_2": 0.7312965610932389, "rcutfac": 4.613430334491028, "rfac0": 0.9881932802361145, "twojmax_1": 5.835145925295214, "twojmax_2": 5.118805183197164, "wj_1": 0.9282041269080955, "wj_2": 0.7068298340026935}, "datetime": {"datetime": "2023-02-01 00:49:08", "elapsed": 54.408466, "delta": 15.104907}}
