{"target": -5.493937006291086, "params": {"Al2P2_JVASP-8182_mp-8880_DFT-SCF_eweight": 595.718112317118, "Al2P2_JVASP-8182_mp-8880_DFT-SCF_fweight": 354.36576348643433, "Al2P2_JVASP-8182_mp-8880_DFT-SCF_vweight": 3.6181426502164985e-12, "Al2P2_JVASP-8182_mp-8880_FD-ELAST_eweight": 5.597448446778968, "Al2P2_JVASP-8182_mp-8880_FD-ELAST_fweight": 446.58053021947967, "Al2P2_JVASP-8182_mp-8880_FD-ELAST_vweight": 9.066637800400942e-12, "Al2_JVASP-25408_mp-998860_FD-ELAST_eweight": 2.130267794174526, "Al2_JVASP-25408_mp-998860_FD-ELAST_fweight": 104.4141961909552, "Al2_JVASP-25408_mp-998860_FD-ELAST_vweight": 1.4632048297074687e-12, "Al4P4_JVASP-1327_mp-1550_FD-ELAST_eweight": 4.967288592855728, "Al4P4_JVASP-1327_mp-1550_FD-ELAST_fweight": 15.908229228404911, "Al4P4_JVASP-1327_mp-1550_FD-ELAST_vweight": 5.111499019552399e-12, "Al4P4_JVASP-30519_mp-997569_FD-ELAST_eweight": 6.842296428532847, "Al4P4_JVASP-30519_mp-997569_FD-ELAST_fweight": 139.96515404133967, "Al4P4_JVASP-30519_mp-997569_FD-ELAST_vweight": 7.086294117821181e-12, "Al4_JVASP-14615_mp-134_FD-ELAST_eweight": 6.317765356747158, "Al4_JVASP-14615_mp-134_FD-ELAST_fweight": 12.966959306205517, "Al4_JVASP-14615_mp-134_FD-ELAST_vweight": 6.0296867919179374e-12, "Al4_JVASP-816_mp-134_FD-ELAST_eweight": 3.3332720221671885, "Al4_JVASP-816_mp-134_FD-ELAST_fweight": 208.13549730802475, "Al4_JVASP-816_mp-134_FD-ELAST_vweight": 3.5517257359418686e-12, "AlP_JVASP-1327_mp-1550_DFT-SCF_eweight": 723.8241264816967, "AlP_JVASP-1327_mp-1550_DFT-SCF_fweight": 220.786405117699, "AlP_JVASP-1327_mp-1550_DFT-SCF_vweight": 2.411809646274669e-12, "Al_JVASP-14615_mp-134_DFT-SCF_eweight": 590.1841162286603, "Al_JVASP-14615_mp-134_DFT-SCF_fweight": 390.37706749117217, "Al_JVASP-14615_mp-134_DFT-SCF_vweight": 3.757271791385618e-12, "Al_JVASP-25408_mp-998860_DFT-SCF_eweight": 299.7620955389633, "Al_JVASP-25408_mp-998860_DFT-SCF_fweight": 194.59765752026874, "Al_JVASP-25408_mp-998860_DFT-SCF_vweight": 9.427452848743873e-12, "Al_JVASP-7148_mp-ase-Al_DFT-SCF_eweight": 978.3958802256404, "Al_JVASP-7148_mp-ase-Al_DFT-SCF_fweight": 336.519454280494, "Al_JVASP-7148_mp-ase-Al_DFT-SCF_vweight": 9.125506976845582e-12, "Al_JVASP-7148_mp-ase-Al_FD-ELAST_eweight": 8.611757841638614, "Al_JVASP-7148_mp-ase-Al_FD-ELAST_fweight": 189.61902662311567, "Al_JVASP-7148_mp-ase-Al_FD-ELAST_vweight": 1.829953079845518e-12, "Al_JVASP-816_mp-134_DFT-SCF_eweight": 688.0698122711825, "Al_JVASP-816_mp-134_DFT-SCF_fweight": 279.36254043183703, "Al_JVASP-816_mp-134_DFT-SCF_vweight": 4.254082867563203e-12, "P16_JVASP-25091_mp-12883_FD-ELAST_eweight": 3.025490543558487, "P16_JVASP-25091_mp-12883_FD-ELAST_fweight": 203.85343827174808, "P16_JVASP-25091_mp-12883_FD-ELAST_vweight": 5.220462238292521e-12, "P16_JVASP-7758_mp-12883_FD-ELAST_eweight": 3.4231202042595514, "P16_JVASP-7758_mp-12883_FD-ELAST_fweight": 146.60459433849087, "P16_JVASP-7758_mp-12883_FD-ELAST_vweight": 5.119177593906801e-12, "P24_JVASP-25087_mp-118_DFT-SCF_eweight": 874.4805216522338, "P24_JVASP-25087_mp-118_DFT-SCF_fweight": 293.5401993294429, "P24_JVASP-25087_mp-118_DFT-SCF_vweight": 3.5513907618898884e-12, "P24_JVASP-25087_mp-118_FD-ELAST_eweight": 3.501797559612412, "P24_JVASP-25087_mp-118_FD-ELAST_fweight": 227.85641568545145, "P24_JVASP-25087_mp-118_FD-ELAST_vweight": 2.8486931014448877e-12, "P2_JVASP-14611_mp-130_DFT-SCF_eweight": 281.2408399387658, "P2_JVASP-14611_mp-130_DFT-SCF_fweight": 257.50349484890353, "P2_JVASP-14611_mp-130_DFT-SCF_vweight": 1.785064319027242e-12, "P2_JVASP-15781_mp-7245_DFT-SCF_eweight": 535.2269791164279, "P2_JVASP-15781_mp-7245_DFT-SCF_fweight": 181.72592998152885, "P2_JVASP-15781_mp-7245_DFT-SCF_vweight": 7.36917959634104e-12, "P2_JVASP-25047_mp-130_DFT-SCF_eweight": 772.0716007918041, "P2_JVASP-25047_mp-130_DFT-SCF_fweight": 345.85536800602637, "P2_JVASP-25047_mp-130_DFT-SCF_vweight": 7.202623723794227e-12, "P2_JVASP-25186_mp-53_DFT-SCF_eweight": 436.24011173403545, "P2_JVASP-25186_mp-53_DFT-SCF_fweight": 334.3992675628985, "P2_JVASP-25186_mp-53_DFT-SCF_vweight": 4.0586379756113606e-12, "P2_JVASP-25186_mp-53_FD-ELAST_eweight": 6.155144828819875, "P2_JVASP-25186_mp-53_FD-ELAST_fweight": 163.57777187437236, "P2_JVASP-25186_mp-53_FD-ELAST_vweight": 5.006305443371788e-12, "P2_JVASP-25326_mp-7245_DFT-SCF_eweight": 155.37603774694534, "P2_JVASP-25326_mp-7245_DFT-SCF_fweight": 122.09503566998472, "P2_JVASP-25326_mp-7245_DFT-SCF_vweight": 9.744423455562109e-12, "P2_JVASP-7547_mp-ase-P2_DFT-SCF_eweight": 307.5257839195666, "P2_JVASP-7547_mp-ase-P2_DFT-SCF_fweight": 346.04727796271777, "P2_JVASP-7547_mp-ase-P2_DFT-SCF_vweight": 6.8542917239236555e-12, "P2_JVASP-7547_mp-ase-P2_FD-ELAST_eweight": 7.515452254937339, "P2_JVASP-7547_mp-ase-P2_FD-ELAST_fweight": 238.06921670658122, "P2_JVASP-7547_mp-ase-P2_FD-ELAST_vweight": 6.369973971416765e-12, "P4_JVASP-15781_mp-7245_FD-ELAST_eweight": 1.6027248153954372, "P4_JVASP-15781_mp-7245_FD-ELAST_fweight": 37.208506773294474, "P4_JVASP-15781_mp-7245_FD-ELAST_vweight": 2.7907842366737047e-12, "P4_JVASP-25063_mp-1014013_DFT-SCF_eweight": 236.67489730768696, "P4_JVASP-25063_mp-1014013_DFT-SCF_fweight": 50.95206794614089, "P4_JVASP-25063_mp-1014013_DFT-SCF_vweight": 2.1636447814796872e-12, "P4_JVASP-25063_mp-1014013_FD-ELAST_eweight": 5.979499586268881, "P4_JVASP-25063_mp-1014013_FD-ELAST_fweight": 94.71959763701524, "P4_JVASP-25063_mp-1014013_FD-ELAST_vweight": 9.568911187280874e-12, "P4_JVASP-25144_mp-157_DFT-SCF_eweight": 713.4506009266839, "P4_JVASP-25144_mp-157_DFT-SCF_fweight": 270.9688170065258, "P4_JVASP-25144_mp-157_DFT-SCF_vweight": 7.36462540727108e-12, "P4_JVASP-25267_mp-604573_DFT-SCF_eweight": 337.49800385726206, "P4_JVASP-25267_mp-604573_DFT-SCF_fweight": 463.43611644261017, "P4_JVASP-25267_mp-604573_DFT-SCF_vweight": 8.552737520199735e-12, "P4_JVASP-25311_mp-674158_FD-ELAST_eweight": 7.536875485852335, "P4_JVASP-25311_mp-674158_FD-ELAST_fweight": 240.63973808661962, "P4_JVASP-25311_mp-674158_FD-ELAST_vweight": 8.57892867288982e-12, "P4_JVASP-25326_mp-7245_FD-ELAST_eweight": 7.7027709108192335, "P4_JVASP-25326_mp-7245_FD-ELAST_fweight": 330.50262729340665, "P4_JVASP-25326_mp-7245_FD-ELAST_vweight": 9.225777403053439e-12, "P4_JVASP-26_mp-blackP_DFT-SCF_eweight": 670.2990074088173, "P4_JVASP-26_mp-blackP_DFT-SCF_fweight": 183.6043518414521, "P4_JVASP-26_mp-blackP_DFT-SCF_vweight": 5.975601158354009e-12, "P4_JVASP-7818_mp-157_DFT-SCF_eweight": 276.74251903012316, "P4_JVASP-7818_mp-157_DFT-SCF_fweight": 96.84407590040796, "P4_JVASP-7818_mp-157_DFT-SCF_vweight": 7.531026615395387e-12, "P4_JVASP-79517_mp-1064333_DFT-SCF_eweight": 806.443033088018, "P4_JVASP-79517_mp-1064333_DFT-SCF_fweight": 486.07708347819914, "P4_JVASP-79517_mp-1064333_DFT-SCF_vweight": 8.658742753373514e-12, "P6_JVASP-14611_mp-130_FD-ELAST_eweight": 5.892348939362405, "P6_JVASP-14611_mp-130_FD-ELAST_fweight": 45.80564389200934, "P6_JVASP-14611_mp-130_FD-ELAST_vweight": 5.399859201545015e-12, "P6_JVASP-25047_mp-130_FD-ELAST_eweight": 9.35142712805913, "P6_JVASP-25047_mp-130_FD-ELAST_fweight": 394.0214815522347, "P6_JVASP-25047_mp-130_FD-ELAST_vweight": 5.365848034486793e-12, "P8_JVASP-25091_mp-12883_DFT-SCF_eweight": 509.7514253327977, "P8_JVASP-25091_mp-12883_DFT-SCF_fweight": 109.77489843626743, "P8_JVASP-25091_mp-12883_DFT-SCF_vweight": 2.594920427216412e-12, "P8_JVASP-25144_mp-157_FD-ELAST_eweight": 1.6626130229742184, "P8_JVASP-25144_mp-157_FD-ELAST_fweight": 446.3042006059592, "P8_JVASP-25144_mp-157_FD-ELAST_vweight": 6.76158955209153e-12, "P8_JVASP-26_mp-blackP_FD-ELAST_eweight": 2.289990857241892, "P8_JVASP-26_mp-blackP_FD-ELAST_fweight": 207.64933293838743, "P8_JVASP-26_mp-blackP_FD-ELAST_vweight": 1.4419803195808626e-12, "P8_JVASP-7758_mp-12883_DFT-SCF_eweight": 288.43601457012727, "P8_JVASP-7758_mp-12883_DFT-SCF_fweight": 365.62335394039013, "P8_JVASP-7758_mp-12883_DFT-SCF_vweight": 6.860104933974394e-12, "P8_JVASP-7818_mp-157_FD-ELAST_eweight": 5.3108046763928, "P8_JVASP-7818_mp-157_FD-ELAST_fweight": 138.115472242324, "P8_JVASP-7818_mp-157_FD-ELAST_vweight": 6.870008125595662e-12, "P8_JVASP-79517_mp-1064333_FD-ELAST_eweight": 9.608045601856423, "P8_JVASP-79517_mp-1064333_FD-ELAST_fweight": 218.3247575314212, "P8_JVASP-79517_mp-1064333_FD-ELAST_vweight": 1.6311925457890318e-12, "P_JVASP-25311_mp-674158_DFT-SCF_eweight": 151.9583390406708, "P_JVASP-25311_mp-674158_DFT-SCF_fweight": 42.35263837998116, "P_JVASP-25311_mp-674158_DFT-SCF_vweight": 9.637364685278989e-12, "P_JVASP-7544_mp-ase-P_DFT-SCF_eweight": 586.6847525678445, "P_JVASP-7544_mp-ase-P_DFT-SCF_fweight": 418.89375390219146, "P_JVASP-7544_mp-ase-P_DFT-SCF_vweight": 2.5303018981342123e-12, "P_JVASP-7544_mp-ase-P_FD-ELAST_eweight": 3.3431056545602367, "P_JVASP-7544_mp-ase-P_FD-ELAST_fweight": 346.2967784245485, "P_JVASP-7544_mp-ase-P_FD-ELAST_vweight": 9.060132953277852e-12, "radelem_1": 0.7044130906760957, "radelem_2": 0.53880391879417, "rcutfac": 4.528239338821288, "rfac0": 0.9290872445829477, "twojmax_1": 6.96432962559825, "twojmax_2": 4.632134618805976, "wj_1": 0.8474817175704379, "wj_2": 0.9207098095155741}, "datetime": {"datetime": "2023-02-01 00:48:13", "elapsed": 0.0, "delta": 0.0}}
{"target": -5.112021275729456, "params": {"Al2P2_JVASP-8182_mp-8880_DFT-SCF_eweight": 754.4368708720384, "Al2P2_JVASP-8182_mp-8880_DFT-SCF_fweight": 180.19465490688222, "Al2P2_JVASP-8182_mp-8880_DFT-SCF_vweight": 7.540207763411781e-12, "Al2P2_JVASP-8182_mp-8880_FD-ELAST_eweight": 2.255204117642143, "Al2P2_JVASP-8182_mp-8880_FD-ELAST_fweight": 157.5957385013778, "Al2P2_JVASP-8182_mp-8880_FD-ELAST_vweight": 4.7762448101465e-12, "Al2_JVASP-25408_mp-998860_FD-ELAST_eweight": 8.894908350498854, "Al2_JVASP-25408_mp-998860_FD-ELAST_fweight": 77.71636407700036, "Al2_JVASP-25408_mp-998860_FD-ELAST_vweight": 8.921123112243839e-12, "Al4P4_JVASP-1327_mp-1550_FD-ELAST_eweight": 8.190678872987235, "Al4P4_JVASP-1327_mp-1550_FD-ELAST_fweight": 485.84052424191236, "Al4P4_JVASP-1327_mp-1550_FD-ELAST_vweight": 4.309326849731144e-12, "Al4P4_JVASP-30519_mp-997569_FD-ELAST_eweight": 2.844457920170012, "Al4P4_JVASP-30519_mp-997569_FD-ELAST_fweight": 121.04458984696491, "Al4P4_JVASP-30519_mp-997569_FD-ELAST_vweight": 8.450765212792787e-12, "Al4_JVASP-14615_mp-134_FD-ELAST_eweight": 9.687053337345239, "Al4_JVASP-14615_mp-134_FD-ELAST_fweight": 349.7061891918313, "Al4_JVASP-14615_mp-134_FD-ELAST_vweight": 5.342473375964469e-12, "Al4_JVASP-816_mp-134_FD-ELAST_eweight": 3.5834478821301956, "Al4_JVASP-816_mp-134_FD-ELAST_fweight": 417.01025428723665, "Al4_JVASP-816_mp-134_FD-ELAST_vweight": 8.849615575594832e-12, "AlP_JVASP-1327_mp-1550_DFT-SCF_eweight": 182.91843262053243, "AlP_JVASP-1327_mp-1550_DFT-SCF_fweight": 108.75878603886856, "AlP_JVASP-1327_mp-1550_DFT-SCF_vweight": 8.485849814120798e-12, "Al_JVASP-14615_mp-134_DFT-SCF_eweight": 863.4735073715465, "Al_JVASP-14615_mp-134_DFT-SCF_fweight": 158.01184638323465, "Al_JVASP-14615_mp-134_DFT-SCF_vweight": 3.5136513716217068e-12, "Al_JVASP-25408_mp-998860_DFT-SCF_eweight": 487.733519816614, "Al_JVASP-25408_mp-998860_DFT-SCF_fweight": 270.1838036320687, "Al_JVASP-25408_mp-998860_DFT-SCF_vweight": 1.860101335059522e-12, "Al_JVASP-7148_mp-ase-Al_DFT-SCF_eweight": 853.2209248422537, "Al_JVASP-7148_mp-ase-Al_DFT-SCF_fweight": 267.8327003053092, "Al_JVASP-7148_mp-ase-Al_DFT-SCF_vweight": 7.974710335368312e-12, "Al_JVASP-7148_mp-ase-Al_FD-ELAST_eweight": 3.0775263901869416, "Al_JVASP-7148_mp-ase-Al_FD-ELAST_fweight": 482.6813822020765, "Al_JVASP-7148_mp-ase-Al_FD-ELAST_vweight": 7.759245765865413e-12, "Al_JVASP-816_mp-134_DFT-SCF_eweight": 408.7844779527653, "Al_JVASP-816_mp-134_DFT-SCF_fweight": 474.3152958330174, "Al_JVASP-816_mp-134_DFT-SCF_vweight": 7.304606010696455e-12, "P16_JVASP-25091_mp-12883_FD-ELAST_eweight": 8.565049769376133, "P16_JVASP-25091_mp-12883_FD-ELAST_fweight": 23.70315562207856, "P16_JVASP-25091_mp-12883_FD-ELAST_vweight": 1.5007738694651935e-12, "P16_JVASP-7758_mp-12883_FD-ELAST_eweight": 7.68463546194666, "P16_JVASP-7758_mp-12883_FD-ELAST_fweight": 153.03853004124764, "P16_JVASP-7758_mp-12883_FD-ELAST_vweight": 5.651059292589207e-12, "P24_JVASP-25087_mp-118_DFT-SCF_eweight": 240.63618130414616, "P24_JVASP-25087_mp-118_DFT-SCF_fweight": 488.99825241883536, "P24_JVASP-25087_mp-118_DFT-SCF_vweight": 5.524759429069775e-12, "P24_JVASP-25087_mp-118_FD-ELAST_eweight": 8.461009706272527, "P24_JVASP-25087_mp-118_FD-ELAST_fweight": 37.944860343718204, "P24_JVASP-25087_mp-118_FD-ELAST_vweight": 5.310239069960543e-12, "P2_JVASP-14611_mp-130_DFT-SCF_eweight": 156.0515323651983, "P2_JVASP-14611_mp-130_DFT-SCF_fweight": 442.23647411278085, "P2_JVASP-14611_mp-130_DFT-SCF_vweight": 5.0122916084166285e-12, "P2_JVASP-15781_mp-7245_DFT-SCF_eweight": 161.6949264356531, "P2_JVASP-15781_mp-7245_DFT-SCF_fweight": 39.17164487566257, "P2_JVASP-15781_mp-7245_DFT-SCF_vweight": 5.849133922028529e-12, "P2_JVASP-25047_mp-130_DFT-SCF_eweight": 168.00976405470772, "P2_JVASP-25047_mp-130_DFT-SCF_fweight": 92.70238668820893, "P2_JVASP-25047_mp-130_DFT-SCF_vweight": 4.927213757498625e-12, "P2_JVASP-25186_mp-53_DFT-SCF_eweight": 548.0045479166117, "P2_JVASP-25186_mp-53_DFT-SCF_fweight": 292.07264570563694, "P2_JVASP-25186_mp-53_DFT-SCF_vweight": 6.584614132644166e-12, "P2_JVASP-25186_mp-53_FD-ELAST_eweight": 4.355303496784016, "P2_JVASP-25186_mp-53_FD-ELAST_fweight": 309.74955490730935, "P2_JVASP-25186_mp-53_FD-ELAST_vweight": 2.415201925466226e-12, "P2_JVASP-25326_mp-7245_DFT-SCF_eweight": 347.95762789032426, "P2_JVASP-25326_mp-7245_DFT-SCF_fweight": 399.56041702755897, "P2_JVASP-25326_mp-7245_DFT-SCF_vweight": 2.3778037065386454e-12, "P2_JVASP-7547_mp-ase-P2_DFT-SCF_eweight": 300.9906755971631, "P2_JVASP-7547_mp-ase-P2_DFT-SCF_fweight": 122.24611166728359, "P2_JVASP-7547_mp-ase-P2_DFT-SCF_vweight": 5.315565743407602e-12, "P2_JVASP-7547_mp-ase-P2_FD-ELAST_eweight": 1.0067096983770814, "P2_JVASP-7547_mp-ase-P2_FD-ELAST_fweight": 16.125368900710797, "P2_JVASP-7547_mp-ase-P2_FD-ELAST_vweight": 5.153933364830249e-12, "P4_JVASP-15781_mp-7245_FD-ELAST_eweight": 2.4626861637986734, "P4_JVASP-15781_mp-7245_FD-ELAST_fweight": 340.0714000828693, "P4_JVASP-15781_mp-7245_FD-ELAST_vweight": 8.156841284589746e-12, "P4_JVASP-25063_mp-1014013_DFT-SCF_eweight": 620.3470228639392, "P4_JVASP-25063_mp-1014013_DFT-SCF_fweight": 347.68772360942967, "P4_JVASP-25063_mp-1014013_DFT-SCF_vweight": 4.518622141604908e-12, "P4_JVASP-25063_mp-1014013_FD-ELAST_eweight": 1.416665826936535, "P4_JVASP-25063_mp-1014013_FD-ELAST_fweight": 220.27134478219503, "P4_JVASP-25063_mp-1014013_FD-ELAST_vweight": 4.347822809884958e-12, "P4_JVASP-25144_mp-157_DFT-SCF_eweight": 637.302917980297, "P4_JVASP-25144_mp-157_DFT-SCF_fweight": 67.97486667981752, "P4_JVASP-25144_mp-157_DFT-SCF_vweight": 3.0494160704965233e-12, "P4_JVASP-25267_mp-604573_DFT-SCF_eweight": 833.3041748745518, "P4_JVASP-25267_mp-604573_DFT-SCF_fweight": 132.89843779346634, "P4_JVASP-25267_mp-604573_DFT-SCF_vweight": 4.6928818441644685e-12, "P4_JVASP-25311_mp-674158_FD-ELAST_eweight": 9.423749588462034, "P4_JVASP-25311_mp-674158_FD-ELAST_fweight": 138.50067904740644, "P4_JVASP-25311_mp-674158_FD-ELAST_vweight": 2.3076096296820748e-12, "P4_JVASP-25326_mp-7245_FD-ELAST_eweight": 7.318181163983071, "P4_JVASP-25326_mp-7245_FD-ELAST_fweight": 283.96620867019607, "P4_JVASP-25326_mp-7245_FD-ELAST_vweight": 6.5043445199193726e-12, "P4_JVASP-26_mp-blackP_DFT-SCF_eweight": 137.82776589421627, "P4_JVASP-26_mp-blackP_DFT-SCF_fweight": 209.21618048385616, "P4_JVASP-26_mp-blackP_DFT-SCF_vweight": 1.0383979075044348e-12, "P4_JVASP-7818_mp-157_DFT-SCF_eweight": 321.88192197480055, "P4_JVASP-7818_mp-157_DFT-SCF_fweight": 353.3220356084192, "P4_JVASP-7818_mp-157_DFT-SCF_vweight": 1.5538664432862977e-12, "P4_JVASP-79517_mp-1064333_DFT-SCF_eweight": 365.22414874295185, "P4_JVASP-79517_mp-1064333_DFT-SCF_fweight": 494.0682636532769, "P4_JVASP-79517_mp-1064333_DFT-SCF_vweight": 9.741000072042779e-12, "P6_JVASP-14611_mp-130_FD-ELAST_eweight": 5.336617498117345, "P6_JVASP-14611_mp-130_FD-ELAST_fweight": 368.1109998775947, "P6_JVASP-14611_mp-130_FD-ELAST_vweight": 6.69390196767525e-12, "P6_JVASP-25047_mp-130_FD-ELAST_eweight": 5.191237642993631, "P6_JVASP-25047_mp-130_FD-ELAST_fweight": 428.67614988801853, "P6_JVASP-25047_mp-130_FD-ELAST_vweight": 2.552664269495611e-12, "P8_JVASP-25091_mp-12883_DFT-SCF_eweight": 845.5887300196995, "P8_JVASP-25091_mp-12883_DFT-SCF_fweight": 21.992692205700706, "P8_JVASP-25091_mp-12883_DFT-SCF_vweight": 8.802583226315185e-12, "P8_JVASP-25144_mp-157_FD-ELAST_eweight": 7.08396928721423, "P8_JVASP-25144_mp-157_FD-ELAST_fweight": 223.5111408455234, "P8_JVASP-25144_mp-157_FD-ELAST_vweight": 7.044132228708492e-12, "P8_JVASP-26_mp-blackP_FD-ELAST_eweight": 5.143316535003177, "P8_JVASP-26_mp-blackP_FD-ELAST_fweight": 390.221607966914, "P8_JVASP-26_mp-blackP_FD-ELAST_vweight": 2.0209967547770554e-12, "P8_JVASP-7758_mp-12883_DFT-SCF_eweight": 557.3416859637448, "P8_JVASP-7758_mp-12883_DFT-SCF_fweight": 435.87328043199255, "P8_JVASP-7758_mp-12883_DFT-SCF_vweight": 9.347763482308201e-12, "P8_JVASP-7818_mp-157_FD-ELAST_eweight": 2.9830269839348142, "P8_JVASP-7818_mp-157_FD-ELAST_fweight": 126.71322097475483, "P8_JVASP-7818_mp-157_FD-ELAST_vweight": 9.136112244480897e-12, "P8_JVASP-79517_mp-1064333_FD-ELAST_eweight": 4.109656048436156, "P8_JVASP-79517_mp-1064333_FD-ELAST_fweight": 29.37941445030908, "P8_JVASP-79517_mp-1064333_FD-ELAST_vweight": 7.433980049008295e-12, "P_JVASP-25311_mp-674158_DFT-SCF_eweight": 472.9769732380221, "P_JVASP-25311_mp-674158_DFT-SCF_fweight": 367.9267695600769, "P_JVASP-25311_mp-674158_DFT-SCF_vweight": 5.293824700990324e-12, "P_JVASP-7544_mp-ase-P_DFT-SCF_eweight": 550.5089989927887, "P_JVASP-7544_mp-ase-P_DFT-SCF_fweight": 209.36339329388616, "P_JVASP-7544_mp-ase-P_DFT-SCF_vweight": 3.614364064316363e-12, "P_JVASP-7544_mp-ase-P_FD-ELAST_eweight": 9.106397806486159, "P_JVASP-7544_mp-ase-P_FD-ELAST_fweight": 334.7250014145685, "P_JVASP-7544_mp-ase-P_FD-ELAST_vweight": 8.099491090086704e-12, "radelem_1": 1.0374437186558705, "radelem_2": 0.6501133654336161, "rcutfac": 4.6396412279448445, "rfac0": 0.9862605087258558, "twojmax_1": 6.024341048499945, "twojmax_2": 6.271608696576123, "wj_1": 0.5574661190183893, "wj_2": 0.8810579202788843}, "datetime": {"datetime": "2023-02-01 00:48:37", "elapsed": 23.916589, "delta": 23.916589}}
