{"target": -5.081134191130401, "params": {"Al2P2_JVASP-8182_mp-8880_DFT-SCF_eweight": 374.0084472818224, "Al2P2_JVASP-8182_mp-8880_DFT-SCF_fweight": 96.39010215599764, "Al2P2_JVASP-8182_mp-8880_DFT-SCF_vweight": 3.223901033015702e-12, "Al2P2_JVASP-8182_mp-8880_FD-ELAST_eweight": 2.8250644232984596, "Al2P2_JVASP-8182_mp-8880_FD-ELAST_fweight": 490.0603043812013, "Al2P2_JVASP-8182_mp-8880_FD-ELAST_vweight": 3.837695347057349e-12, "Al2_JVASP-25408_mp-998860_FD-ELAST_eweight": 9.110821288265834, "Al2_JVASP-25408_mp-998860_FD-ELAST_fweight": 342.7555067548099, "Al2_JVASP-25408_mp-998860_FD-ELAST_vweight": 1.015597937468213e-12, "Al4P4_JVASP-1327_mp-1550_FD-ELAST_eweight": 6.49597052471141, "Al4P4_JVASP-1327_mp-1550_FD-ELAST_fweight": 328.7756907017963, "Al4P4_JVASP-1327_mp-1550_FD-ELAST_vweight": 9.345119573895436e-12, "Al4P4_JVASP-30519_mp-997569_FD-ELAST_eweight": 2.2600537564613825, "Al4P4_JVASP-30519_mp-997569_FD-ELAST_fweight": 400.0915158283709, "Al4P4_JVASP-30519_mp-997569_FD-ELAST_vweight": 3.8825367315959716e-12, "Al4_JVASP-14615_mp-134_FD-ELAST_eweight": 7.627125079848846, "Al4_JVASP-14615_mp-134_FD-ELAST_fweight": 339.6143751260787, "Al4_JVASP-14615_mp-134_FD-ELAST_vweight": 2.0858564614159876e-12, "Al4_JVASP-816_mp-134_FD-ELAST_eweight": 6.4014097931233245, "Al4_JVASP-816_mp-134_FD-ELAST_fweight": 61.71724128389313, "Al4_JVASP-816_mp-134_FD-ELAST_vweight": 1.1796133771383176e-12, "AlP_JVASP-1327_mp-1550_DFT-SCF_eweight": 765.5942185539849, "AlP_JVASP-1327_mp-1550_DFT-SCF_fweight": 124.9396348010542, "AlP_JVASP-1327_mp-1550_DFT-SCF_vweight": 7.814559601205679e-12, "Al_JVASP-14615_mp-134_DFT-SCF_eweight": 827.836916811087, "Al_JVASP-14615_mp-134_DFT-SCF_fweight": 49.74259831599112, "Al_JVASP-14615_mp-134_DFT-SCF_vweight": 8.93956033842787e-12, "Al_JVASP-25408_mp-998860_DFT-SCF_eweight": 520.467288165062, "Al_JVASP-25408_mp-998860_DFT-SCF_fweight": 223.93656733051077, "Al_JVASP-25408_mp-998860_DFT-SCF_vweight": 1.790222363838557e-12, "Al_JVASP-7148_mp-ase-Al_DFT-SCF_eweight": 377.89620921677664, "Al_JVASP-7148_mp-ase-Al_DFT-SCF_fweight": 411.16734340502205, "Al_JVASP-7148_mp-ase-Al_DFT-SCF_vweight": 6.941903856675398e-12, "Al_JVASP-7148_mp-ase-Al_FD-ELAST_eweight": 2.7073354420612894, "Al_JVASP-7148_mp-ase-Al_FD-ELAST_fweight": 194.9951146322838, "Al_JVASP-7148_mp-ase-Al_FD-ELAST_vweight": 1.4545832159901946e-12, "Al_JVASP-816_mp-134_DFT-SCF_eweight": 473.7601379286767, "Al_JVASP-816_mp-134_DFT-SCF_fweight": 419.2516572629823, "Al_JVASP-816_mp-134_DFT-SCF_vweight": 5.2480190975558315e-12, "P16_JVASP-25091_mp-12883_FD-ELAST_eweight": 4.966305859695452, "P16_JVASP-25091_mp-12883_FD-ELAST_fweight": 149.15046856040254, "P16_JVASP-25091_mp-12883_FD-ELAST_vweight": 8.824938182290211e-12, "P16_JVASP-7758_mp-12883_FD-ELAST_eweight": 6.260320387436187, "P16_JVASP-7758_mp-12883_FD-ELAST_fweight": 306.48540044418644, "P16_JVASP-7758_mp-12883_FD-ELAST_vweight": 3.5647233055295946e-12, "P24_JVASP-25087_mp-118_DFT-SCF_eweight": 388.36731376789004, "P24_JVASP-25087_mp-118_DFT-SCF_fweight": 247.71712061200444, "P24_JVASP-25087_mp-118_DFT-SCF_vweight": 4.571602743583692e-12, "P24_JVASP-25087_mp-118_FD-ELAST_eweight": 8.023129828018288, "P24_JVASP-25087_mp-118_FD-ELAST_fweight": 41.72102523036245, "P24_JVASP-25087_mp-118_FD-ELAST_vweight": 3.8315580579015264e-12, "P2_JVASP-14611_mp-130_DFT-SCF_eweight": 281.38741115564017, "P2_JVASP-14611_mp-130_DFT-SCF_fweight": 208.07997615387507, "P2_JVASP-14611_mp-130_DFT-SCF_vweight": 8.875763679049759e-12, "P2_JVASP-15781_mp-7245_DFT-SCF_eweight": 378.2104132692416, "P2_JVASP-15781_mp-7245_DFT-SCF_fweight": 180.65900673824746, "P2_JVASP-15781_mp-7245_DFT-SCF_vweight": 4.105128737438999e-12, "P2_JVASP-25047_mp-130_DFT-SCF_eweight": 689.9372968871411, "P2_JVASP-25047_mp-130_DFT-SCF_fweight": 309.4222776402813, "P2_JVASP-25047_mp-130_DFT-SCF_vweight": 4.5547848358802395e-12, "P2_JVASP-25186_mp-53_DFT-SCF_eweight": 644.9931732302399, "P2_JVASP-25186_mp-53_DFT-SCF_fweight": 290.3248261489963, "P2_JVASP-25186_mp-53_DFT-SCF_vweight": 5.062230519443115e-12, "P2_JVASP-25186_mp-53_FD-ELAST_eweight": 1.62382841171946, "P2_JVASP-25186_mp-53_FD-ELAST_fweight": 418.7741525941678, "P2_JVASP-25186_mp-53_FD-ELAST_vweight": 5.748638898199187e-12, "P2_JVASP-25326_mp-7245_DFT-SCF_eweight": 695.0064464621872, "P2_JVASP-25326_mp-7245_DFT-SCF_fweight": 39.84592909211765, "P2_JVASP-25326_mp-7245_DFT-SCF_vweight": 8.605903469823637e-12, "P2_JVASP-7547_mp-ase-P2_DFT-SCF_eweight": 117.115833255022, "P2_JVASP-7547_mp-ase-P2_DFT-SCF_fweight": 410.16365107402345, "P2_JVASP-7547_mp-ase-P2_DFT-SCF_vweight": 5.037629616160336e-12, "P2_JVASP-7547_mp-ase-P2_FD-ELAST_eweight": 9.030399272473797, "P2_JVASP-7547_mp-ase-P2_FD-ELAST_fweight": 324.171933500381, "P2_JVASP-7547_mp-ase-P2_FD-ELAST_vweight": 2.1594965265475445e-12, "P4_JVASP-15781_mp-7245_FD-ELAST_eweight": 8.24938493070298, "P4_JVASP-15781_mp-7245_FD-ELAST_fweight": 358.6043554064441, "P4_JVASP-15781_mp-7245_FD-ELAST_vweight": 7.928231416027462e-12, "P4_JVASP-25063_mp-1014013_DFT-SCF_eweight": 833.3106372483886, "P4_JVASP-25063_mp-1014013_DFT-SCF_fweight": 241.9865181937086, "P4_JVASP-25063_mp-1014013_DFT-SCF_vweight": 7.54385609228516e-12, "P4_JVASP-25063_mp-1014013_FD-ELAST_eweight": 7.194110761854124, "P4_JVASP-25063_mp-1014013_FD-ELAST_fweight": 276.6622757800059, "P4_JVASP-25063_mp-1014013_FD-ELAST_vweight": 3.315457687934172e-12, "P4_JVASP-25144_mp-157_DFT-SCF_eweight": 594.5382196510762, "P4_JVASP-25144_mp-157_DFT-SCF_fweight": 237.07642272686303, "P4_JVASP-25144_mp-157_DFT-SCF_vweight": 6.208495429580485e-12, "P4_JVASP-25267_mp-604573_DFT-SCF_eweight": 346.691292358087, "P4_JVASP-25267_mp-604573_DFT-SCF_fweight": 94.67698083604922, "P4_JVASP-25267_mp-604573_DFT-SCF_vweight": 7.671517637910256e-12, "P4_JVASP-25311_mp-674158_FD-ELAST_eweight": 8.518156543212895, "P4_JVASP-25311_mp-674158_FD-ELAST_fweight": 495.1256043595066, "P4_JVASP-25311_mp-674158_FD-ELAST_vweight": 7.503734921291436e-12, "P4_JVASP-25326_mp-7245_FD-ELAST_eweight": 3.2573440808743936, "P4_JVASP-25326_mp-7245_FD-ELAST_fweight": 222.9932710329789, "P4_JVASP-25326_mp-7245_FD-ELAST_vweight": 8.994930030134528e-12, "P4_JVASP-26_mp-blackP_DFT-SCF_eweight": 281.3906084975867, "P4_JVASP-26_mp-blackP_DFT-SCF_fweight": 138.2371713549297, "P4_JVASP-26_mp-blackP_DFT-SCF_vweight": 3.684456341213456e-12, "P4_JVASP-7818_mp-157_DFT-SCF_eweight": 232.00363219773112, "P4_JVASP-7818_mp-157_DFT-SCF_fweight": 310.85978019147086, "P4_JVASP-7818_mp-157_DFT-SCF_vweight": 3.97774872497202e-12, "P4_JVASP-79517_mp-1064333_DFT-SCF_eweight": 551.718917686343, "P4_JVASP-79517_mp-1064333_DFT-SCF_fweight": 352.39149001580193, "P4_JVASP-79517_mp-1064333_DFT-SCF_vweight": 3.809547652918626e-12, "P6_JVASP-14611_mp-130_FD-ELAST_eweight": 3.5081074419275593, "P6_JVASP-14611_mp-130_FD-ELAST_fweight": 12.520046662960176, "P6_JVASP-14611_mp-130_FD-ELAST_vweight": 4.298649927176419e-12, "P6_JVASP-25047_mp-130_FD-ELAST_eweight": 4.876911125561858, "P6_JVASP-25047_mp-130_FD-ELAST_fweight": 34.28930236270829, "P6_JVASP-25047_mp-130_FD-ELAST_vweight": 3.694013335817483e-12, "P8_JVASP-25091_mp-12883_DFT-SCF_eweight": 418.5904428562265, "P8_JVASP-25091_mp-12883_DFT-SCF_fweight": 434.73266667485905, "P8_JVASP-25091_mp-12883_DFT-SCF_vweight": 1.4756360530778174e-12, "P8_JVASP-25144_mp-157_FD-ELAST_eweight": 8.577243802508786, "P8_JVASP-25144_mp-157_FD-ELAST_fweight": 200.99402415959085, "P8_JVASP-25144_mp-157_FD-ELAST_vweight": 7.692113608791723e-12, "P8_JVASP-26_mp-blackP_FD-ELAST_eweight": 7.502948125584393, "P8_JVASP-26_mp-blackP_FD-ELAST_fweight": 401.55842349961046, "P8_JVASP-26_mp-blackP_FD-ELAST_vweight": 1.5496581174115806e-12, "P8_JVASP-7758_mp-12883_DFT-SCF_eweight": 964.214636740296, "P8_JVASP-7758_mp-12883_DFT-SCF_fweight": 402.8850513995771, "P8_JVASP-7758_mp-12883_DFT-SCF_vweight": 5.291763261880954e-12, "P8_JVASP-7818_mp-157_FD-ELAST_eweight": 6.0927882579827966, "P8_JVASP-7818_mp-157_FD-ELAST_fweight": 379.82492477383414, "P8_JVASP-7818_mp-157_FD-ELAST_vweight": 9.337593106574727e-12, "P8_JVASP-79517_mp-1064333_FD-ELAST_eweight": 1.9002348705589194, "P8_JVASP-79517_mp-1064333_FD-ELAST_fweight": 419.5831522465642, "P8_JVASP-79517_mp-1064333_FD-ELAST_vweight": 7.625391538630641e-12, "P_JVASP-25311_mp-674158_DFT-SCF_eweight": 546.8260573646478, "P_JVASP-25311_mp-674158_DFT-SCF_fweight": 293.1258594063846, "P_JVASP-25311_mp-674158_DFT-SCF_vweight": 9.002523777460568e-12, "P_JVASP-7544_mp-ase-P_DFT-SCF_eweight": 404.170692302548, "P_JVASP-7544_mp-ase-P_DFT-SCF_fweight": 461.6142378665329, "P_JVASP-7544_mp-ase-P_DFT-SCF_vweight": 6.121379380824187e-12, "P_JVASP-7544_mp-ase-P_FD-ELAST_eweight": 3.0191596044064077, "P_JVASP-7544_mp-ase-P_FD-ELAST_fweight": 232.22394793116922, "P_JVASP-7544_mp-ase-P_FD-ELAST_vweight": 2.411958353509928e-12, "radelem_1": 0.5404295234168855, "radelem_2": 0.5278987506671116, "rcutfac": 4.084002116033419, "rfac0": 0.9181290105499051, "twojmax_1": 5.079282150034757, "twojmax_2": 6.145939463106108, "wj_1": 0.9663246244014028, "wj_2": 0.8608493026875166}, "datetime": {"datetime": "2023-02-01 00:51:24", "elapsed": 190.079389, "delta": 16.587777}}
{"target": -7.640306736298696, "params": {"Al2P2_JVASP-8182_mp-8880_DFT-SCF_eweight": 264.49552827835157, "Al2P2_JVASP-8182_mp-8880_DFT-SCF_fweight": 241.75545786669147, "Al2P2_JVASP-8182_mp-8880_DFT-SCF_vweight": 6.0675518145596795e-12, "Al2P2_JVASP-8182_mp-8880_FD-ELAST_eweight": 5.6263494791123305, "Al2P2_JVASP-8182_mp-8880_FD-ELAST_fweight": 82.08367636764397, "Al2P2_JVASP-8182_mp-8880_FD-ELAST_vweight": 1.3355203347334827e-12, "Al2_JVASP-25408_mp-998860_FD-ELAST_eweight": 8.386609526565518, "Al2_JVASP-25408_mp-998860_FD-ELAST_fweight": 155.5934531430477, "Al2_JVASP-25408_mp-998860_FD-ELAST_vweight": 8.849654345690436e-12, "Al4P4_JVASP-1327_mp-1550_FD-ELAST_eweight": 9.662408705525795, "Al4P4_JVASP-1327_mp-1550_FD-ELAST_fweight": 137.51188893624175, "Al4P4_JVASP-1327_mp-1550_FD-ELAST_vweight": 8.946883115684045e-12, "Al4P4_JVASP-30519_mp-997569_FD-ELAST_eweight": 6.989878681754396, "Al4P4_JVASP-30519_mp-997569_FD-ELAST_fweight": 243.3759847612663, "Al4P4_JVASP-30519_mp-997569_FD-ELAST_vweight": 1.1665368055925622e-12, "Al4_JVASP-14615_mp-134_FD-ELAST_eweight": 9.748250986869294, "Al4_JVASP-14615_mp-134_FD-ELAST_fweight": 402.6734290909857, "Al4_JVASP-14615_mp-134_FD-ELAST_vweight": 6.139136263763986e-12, "Al4_JVASP-816_mp-134_FD-ELAST_eweight": 8.593035609158507, "Al4_JVASP-816_mp-134_FD-ELAST_fweight": 175.4361864884432, "Al4_JVASP-816_mp-134_FD-ELAST_vweight": 7.098443991255565e-12, "AlP_JVASP-1327_mp-1550_DFT-SCF_eweight": 592.003522314013, "AlP_JVASP-1327_mp-1550_DFT-SCF_fweight": 412.3883750959482, "AlP_JVASP-1327_mp-1550_DFT-SCF_vweight": 7.234658920292163e-12, "Al_JVASP-14615_mp-134_DFT-SCF_eweight": 116.73560657921908, "Al_JVASP-14615_mp-134_DFT-SCF_fweight": 367.9801014504022, "Al_JVASP-14615_mp-134_DFT-SCF_vweight": 7.982807629914242e-12, "Al_JVASP-25408_mp-998860_DFT-SCF_eweight": 640.19121492348, "Al_JVASP-25408_mp-998860_DFT-SCF_fweight": 322.6428306289109, "Al_JVASP-25408_mp-998860_DFT-SCF_vweight": 1.5003118970188653e-12, "Al_JVASP-7148_mp-ase-Al_DFT-SCF_eweight": 125.72828931959236, "Al_JVASP-7148_mp-ase-Al_DFT-SCF_fweight": 368.80948285537494, "Al_JVASP-7148_mp-ase-Al_DFT-SCF_vweight": 8.781472607333345e-12, "Al_JVASP-7148_mp-ase-Al_FD-ELAST_eweight": 5.4573352041123275, "Al_JVASP-7148_mp-ase-Al_FD-ELAST_fweight": 379.27602361384123, "Al_JVASP-7148_mp-ase-Al_FD-ELAST_vweight": 4.651598875222726e-12, "Al_JVASP-816_mp-134_DFT-SCF_eweight": 304.15833421808617, "Al_JVASP-816_mp-134_DFT-SCF_fweight": 286.7588876673257, "Al_JVASP-816_mp-134_DFT-SCF_vweight": 4.808894583385723e-12, "P16_JVASP-25091_mp-12883_FD-ELAST_eweight": 4.148076077866182, "P16_JVASP-25091_mp-12883_FD-ELAST_fweight": 220.86292919556502, "P16_JVASP-25091_mp-12883_FD-ELAST_vweight": 4.703337214497546e-12, "P16_JVASP-7758_mp-12883_FD-ELAST_eweight": 3.96795957653283, "P16_JVASP-7758_mp-12883_FD-ELAST_fweight": 211.37923116635497, "P16_JVASP-7758_mp-12883_FD-ELAST_vweight": 8.82901329164039e-12, "P24_JVASP-25087_mp-118_DFT-SCF_eweight": 878.421553688114, "P24_JVASP-25087_mp-118_DFT-SCF_fweight": 107.30597118955691, "P24_JVASP-25087_mp-118_DFT-SCF_vweight": 2.3206755561907074e-12, "P24_JVASP-25087_mp-118_FD-ELAST_eweight": 6.736191872184033, "P24_JVASP-25087_mp-118_FD-ELAST_fweight": 134.90493547664803, "P24_JVASP-25087_mp-118_FD-ELAST_vweight": 7.67750974806575e-12, "P2_JVASP-14611_mp-130_DFT-SCF_eweight": 473.5711687423737, "P2_JVASP-14611_mp-130_DFT-SCF_fweight": 451.6427205317955, "P2_JVASP-14611_mp-130_DFT-SCF_vweight": 1.2220706602080013e-12, "P2_JVASP-15781_mp-7245_DFT-SCF_eweight": 446.5687047303888, "P2_JVASP-15781_mp-7245_DFT-SCF_fweight": 77.23186866399956, "P2_JVASP-15781_mp-7245_DFT-SCF_vweight": 7.481663438305938e-12, "P2_JVASP-25047_mp-130_DFT-SCF_eweight": 704.5607903918706, "P2_JVASP-25047_mp-130_DFT-SCF_fweight": 277.88229406607087, "P2_JVASP-25047_mp-130_DFT-SCF_vweight": 5.983596581752323e-12, "P2_JVASP-25186_mp-53_DFT-SCF_eweight": 483.44638720686123, "P2_JVASP-25186_mp-53_DFT-SCF_fweight": 58.00585896386935, "P2_JVASP-25186_mp-53_DFT-SCF_vweight": 6.0498220351513205e-12, "P2_JVASP-25186_mp-53_FD-ELAST_eweight": 9.65011271922659, "P2_JVASP-25186_mp-53_FD-ELAST_fweight": 66.34624002353772, "P2_JVASP-25186_mp-53_FD-ELAST_vweight": 5.401907262292558e-12, "P2_JVASP-25326_mp-7245_DFT-SCF_eweight": 290.2640350909294, "P2_JVASP-25326_mp-7245_DFT-SCF_fweight": 21.853600607952018, "P2_JVASP-25326_mp-7245_DFT-SCF_vweight": 7.504643268152745e-12, "P2_JVASP-7547_mp-ase-P2_DFT-SCF_eweight": 465.7696819463086, "P2_JVASP-7547_mp-ase-P2_DFT-SCF_fweight": 340.30802393534935, "P2_JVASP-7547_mp-ase-P2_DFT-SCF_vweight": 7.198507076741244e-12, "P2_JVASP-7547_mp-ase-P2_FD-ELAST_eweight": 2.6804786129468905, "P2_JVASP-7547_mp-ase-P2_FD-ELAST_fweight": 485.0499780112546, "P2_JVASP-7547_mp-ase-P2_FD-ELAST_vweight": 2.5016202603888228e-12, "P4_JVASP-15781_mp-7245_FD-ELAST_eweight": 5.261984908242123, "P4_JVASP-15781_mp-7245_FD-ELAST_fweight": 62.80864735936113, "P4_JVASP-15781_mp-7245_FD-ELAST_vweight": 8.957339413162467e-12, "P4_JVASP-25063_mp-1014013_DFT-SCF_eweight": 584.3615859426022, "P4_JVASP-25063_mp-1014013_DFT-SCF_fweight": 195.56730192726363, "P4_JVASP-25063_mp-1014013_DFT-SCF_vweight": 8.493708511589766e-12, "P4_JVASP-25063_mp-1014013_FD-ELAST_eweight": 5.438143781956025, "P4_JVASP-25063_mp-1014013_FD-ELAST_fweight": 101.02149981197756, "P4_JVASP-25063_mp-1014013_FD-ELAST_vweight": 8.071893991377814e-12, "P4_JVASP-25144_mp-157_DFT-SCF_eweight": 939.6348704579965, "P4_JVASP-25144_mp-157_DFT-SCF_fweight": 36.41170438152216, "P4_JVASP-25144_mp-157_DFT-SCF_vweight": 6.304662382906355e-12, "P4_JVASP-25267_mp-604573_DFT-SCF_eweight": 357.17633627259664, "P4_JVASP-25267_mp-604573_DFT-SCF_fweight": 382.15920179715, "P4_JVASP-25267_mp-604573_DFT-SCF_vweight": 1.502110215319742e-12, "P4_JVASP-25311_mp-674158_FD-ELAST_eweight": 7.453165251184482, "P4_JVASP-25311_mp-674158_FD-ELAST_fweight": 491.2294336601118, "P4_JVASP-25311_mp-674158_FD-ELAST_vweight": 2.6949197582926155e-12, "P4_JVASP-25326_mp-7245_FD-ELAST_eweight": 5.34815664379143, "P4_JVASP-25326_mp-7245_FD-ELAST_fweight": 225.01664943499318, "P4_JVASP-25326_mp-7245_FD-ELAST_vweight": 9.237560905693068e-12, "P4_JVASP-26_mp-blackP_DFT-SCF_eweight": 644.8553418614147, "P4_JVASP-26_mp-blackP_DFT-SCF_fweight": 217.1538967236346, "P4_JVASP-26_mp-blackP_DFT-SCF_vweight": 6.536811720984709e-12, "P4_JVASP-7818_mp-157_DFT-SCF_eweight": 113.5113986287371, "P4_JVASP-7818_mp-157_DFT-SCF_fweight": 455.7360046423033, "P4_JVASP-7818_mp-157_DFT-SCF_vweight": 8.02581104629482e-12, "P4_JVASP-79517_mp-1064333_DFT-SCF_eweight": 625.4830370502132, "P4_JVASP-79517_mp-1064333_DFT-SCF_fweight": 145.1960528635164, "P4_JVASP-79517_mp-1064333_DFT-SCF_vweight": 7.804173277651703e-12, "P6_JVASP-14611_mp-130_FD-ELAST_eweight": 3.9267314911387965, "P6_JVASP-14611_mp-130_FD-ELAST_fweight": 85.86164453987406, "P6_JVASP-14611_mp-130_FD-ELAST_vweight": 1.38613375161273e-12, "P6_JVASP-25047_mp-130_FD-ELAST_eweight": 4.780232144921956, "P6_JVASP-25047_mp-130_FD-ELAST_fweight": 279.9483329923746, "P6_JVASP-25047_mp-130_FD-ELAST_vweight": 4.347611771004038e-12, "P8_JVASP-25091_mp-12883_DFT-SCF_eweight": 323.4734450941004, "P8_JVASP-25091_mp-12883_DFT-SCF_fweight": 457.5204968801136, "P8_JVASP-25091_mp-12883_DFT-SCF_vweight": 1.4272206790750972e-12, "P8_JVASP-25144_mp-157_FD-ELAST_eweight": 3.75609817024829, "P8_JVASP-25144_mp-157_FD-ELAST_fweight": 389.4436399075746, "P8_JVASP-25144_mp-157_FD-ELAST_vweight": 5.4510445654377234e-12, "P8_JVASP-26_mp-blackP_FD-ELAST_eweight": 2.5504059348759247, "P8_JVASP-26_mp-blackP_FD-ELAST_fweight": 119.77912510933973, "P8_JVASP-26_mp-blackP_FD-ELAST_vweight": 5.107476344351566e-12, "P8_JVASP-7758_mp-12883_DFT-SCF_eweight": 483.6180225613339, "P8_JVASP-7758_mp-12883_DFT-SCF_fweight": 408.1211153817877, "P8_JVASP-7758_mp-12883_DFT-SCF_vweight": 2.405514595042235e-12, "P8_JVASP-7818_mp-157_FD-ELAST_eweight": 2.8908233882125507, "P8_JVASP-7818_mp-157_FD-ELAST_fweight": 26.89149027984199, "P8_JVASP-7818_mp-157_FD-ELAST_vweight": 7.578602125643915e-12, "P8_JVASP-79517_mp-1064333_FD-ELAST_eweight": 7.270700596197387, "P8_JVASP-79517_mp-1064333_FD-ELAST_fweight": 399.90814970560734, "P8_JVASP-79517_mp-1064333_FD-ELAST_vweight": 6.45479174136392e-12, "P_JVASP-25311_mp-674158_DFT-SCF_eweight": 442.0962319520308, "P_JVASP-25311_mp-674158_DFT-SCF_fweight": 19.0885767574266, "P_JVASP-25311_mp-674158_DFT-SCF_vweight": 3.943234018206799e-12, "P_JVASP-7544_mp-ase-P_DFT-SCF_eweight": 956.4651796942348, "P_JVASP-7544_mp-ase-P_DFT-SCF_fweight": 8.431625608796352, "P_JVASP-7544_mp-ase-P_DFT-SCF_vweight": 4.263332801381395e-12, "P_JVASP-7544_mp-ase-P_FD-ELAST_eweight": 8.547740508101077, "P_JVASP-7544_mp-ase-P_FD-ELAST_fweight": 298.153147485401, "P_JVASP-7544_mp-ase-P_FD-ELAST_vweight": 7.233743056969728e-12, "radelem_1": 1.0484447850980405, "radelem_2": 0.9448340394670418, "rcutfac": 3.871305067185045, "rfac0": 0.9263124440165198, "twojmax_1": 4.882470919561392, "twojmax_2": 7.861976194513907, "wj_1": 0.7246291408696163, "wj_2": 0.9776459134053055}, "datetime": {"datetime": "2023-02-01 00:51:57", "elapsed": 223.545603, "delta": 33.466214}}
