{"target": -7.387053506670827, "params": {"Al2P2_JVASP-8182_mp-8880_DFT-SCF_eweight": 965.317845164067, "Al2P2_JVASP-8182_mp-8880_DFT-SCF_fweight": 215.37627448380843, "Al2P2_JVASP-8182_mp-8880_DFT-SCF_vweight": 7.400613583037424e-12, "Al2P2_JVASP-8182_mp-8880_FD-ELAST_eweight": 5.231623080027906, "Al2P2_JVASP-8182_mp-8880_FD-ELAST_fweight": 378.1065933339122, "Al2P2_JVASP-8182_mp-8880_FD-ELAST_vweight": 2.6048726921541688e-12, "Al2_JVASP-25408_mp-998860_FD-ELAST_eweight": 9.06389934347321, "Al2_JVASP-25408_mp-998860_FD-ELAST_fweight": 277.2617123209057, "Al2_JVASP-25408_mp-998860_FD-ELAST_vweight": 4.88915710356893e-12, "Al4P4_JVASP-1327_mp-1550_FD-ELAST_eweight": 3.1269129141870615, "Al4P4_JVASP-1327_mp-1550_FD-ELAST_fweight": 458.07512055738647, "Al4P4_JVASP-1327_mp-1550_FD-ELAST_vweight": 6.0527898751737774e-12, "Al4P4_JVASP-30519_mp-997569_FD-ELAST_eweight": 2.7438455192302733, "Al4P4_JVASP-30519_mp-997569_FD-ELAST_fweight": 154.66675125241278, "Al4P4_JVASP-30519_mp-997569_FD-ELAST_vweight": 4.777445517371353e-12, "Al4_JVASP-14615_mp-134_FD-ELAST_eweight": 8.037149775944016, "Al4_JVASP-14615_mp-134_FD-ELAST_fweight": 396.2766958046932, "Al4_JVASP-14615_mp-134_FD-ELAST_vweight": 4.764579107331724e-12, "Al4_JVASP-816_mp-134_FD-ELAST_eweight": 2.436148724219291, "Al4_JVASP-816_mp-134_FD-ELAST_fweight": 434.9990804904314, "Al4_JVASP-816_mp-134_FD-ELAST_vweight": 4.427243863177889e-12, "AlP_JVASP-1327_mp-1550_DFT-SCF_eweight": 433.6258215130101, "AlP_JVASP-1327_mp-1550_DFT-SCF_fweight": 298.10109990177995, "AlP_JVASP-1327_mp-1550_DFT-SCF_vweight": 1.1620884065648598e-12, "Al_JVASP-14615_mp-134_DFT-SCF_eweight": 435.2591660187894, "Al_JVASP-14615_mp-134_DFT-SCF_fweight": 75.08985007970637, "Al_JVASP-14615_mp-134_DFT-SCF_vweight": 3.3041479067813577e-12, "Al_JVASP-25408_mp-998860_DFT-SCF_eweight": 887.8264336533703, "Al_JVASP-25408_mp-998860_DFT-SCF_fweight": 452.6058040237116, "Al_JVASP-25408_mp-998860_DFT-SCF_vweight": 9.356547297239014e-12, "Al_JVASP-7148_mp-ase-Al_DFT-SCF_eweight": 262.3044466517647, "Al_JVASP-7148_mp-ase-Al_DFT-SCF_fweight": 195.9062695485007, "Al_JVASP-7148_mp-ase-Al_DFT-SCF_vweight": 5.201833687084122e-12, "Al_JVASP-7148_mp-ase-Al_FD-ELAST_eweight": 8.549930586177926, "Al_JVASP-7148_mp-ase-Al_FD-ELAST_fweight": 109.34071017898188, "Al_JVASP-7148_mp-ase-Al_FD-ELAST_vweight": 4.163306418976265e-12, "Al_JVASP-816_mp-134_DFT-SCF_eweight": 654.8066244152079, "Al_JVASP-816_mp-134_DFT-SCF_fweight": 102.63362662669488, "Al_JVASP-816_mp-134_DFT-SCF_vweight": 5.326743364319321e-12, "P16_JVASP-25091_mp-12883_FD-ELAST_eweight": 4.821547626116757, "P16_JVASP-25091_mp-12883_FD-ELAST_fweight": 61.30122673808085, "P16_JVASP-25091_mp-12883_FD-ELAST_vweight": 5.5460989916151195e-12, "P16_JVASP-7758_mp-12883_FD-ELAST_eweight": 6.895607688720921, "P16_JVASP-7758_mp-12883_FD-ELAST_fweight": 271.19983542307045, "P16_JVASP-7758_mp-12883_FD-ELAST_vweight": 5.667730820710298e-12, "P24_JVASP-25087_mp-118_DFT-SCF_eweight": 863.3343570415791, "P24_JVASP-25087_mp-118_DFT-SCF_fweight": 73.22852342162238, "P24_JVASP-25087_mp-118_DFT-SCF_vweight": 7.722906667245513e-12, "P24_JVASP-25087_mp-118_FD-ELAST_eweight": 3.7182536374531647, "P24_JVASP-25087_mp-118_FD-ELAST_fweight": 110.74792939206021, "P24_JVASP-25087_mp-118_FD-ELAST_vweight": 3.3056624787727406e-12, "P2_JVASP-14611_mp-130_DFT-SCF_eweight": 188.52555277429383, "P2_JVASP-14611_mp-130_DFT-SCF_fweight": 458.47283217665404, "P2_JVASP-14611_mp-130_DFT-SCF_vweight": 1.7868468677625513e-12, "P2_JVASP-15781_mp-7245_DFT-SCF_eweight": 305.0500421259723, "P2_JVASP-15781_mp-7245_DFT-SCF_fweight": 10.362991721373035, "P2_JVASP-15781_mp-7245_DFT-SCF_vweight": 1.4828922738408975e-12, "P2_JVASP-25047_mp-130_DFT-SCF_eweight": 440.6993237123173, "P2_JVASP-25047_mp-130_DFT-SCF_fweight": 416.77008094514895, "P2_JVASP-25047_mp-130_DFT-SCF_vweight": 6.517054255673936e-12, "P2_JVASP-25186_mp-53_DFT-SCF_eweight": 692.2781476703059, "P2_JVASP-25186_mp-53_DFT-SCF_fweight": 52.717499991729255, "P2_JVASP-25186_mp-53_DFT-SCF_vweight": 5.55327405183233e-12, "P2_JVASP-25186_mp-53_FD-ELAST_eweight": 8.371877069546143, "P2_JVASP-25186_mp-53_FD-ELAST_fweight": 408.71306612372285, "P2_JVASP-25186_mp-53_FD-ELAST_vweight": 7.993371813243576e-12, "P2_JVASP-25326_mp-7245_DFT-SCF_eweight": 518.2352376044255, "P2_JVASP-25326_mp-7245_DFT-SCF_fweight": 68.31653511925413, "P2_JVASP-25326_mp-7245_DFT-SCF_vweight": 6.157253339285466e-12, "P2_JVASP-7547_mp-ase-P2_DFT-SCF_eweight": 237.4791928650804, "P2_JVASP-7547_mp-ase-P2_DFT-SCF_fweight": 439.8589643983559, "P2_JVASP-7547_mp-ase-P2_DFT-SCF_vweight": 3.603393535181331e-12, "P2_JVASP-7547_mp-ase-P2_FD-ELAST_eweight": 8.478948653096673, "P2_JVASP-7547_mp-ase-P2_FD-ELAST_fweight": 292.32092333775216, "P2_JVASP-7547_mp-ase-P2_FD-ELAST_vweight": 9.577379113064752e-12, "P4_JVASP-15781_mp-7245_FD-ELAST_eweight": 5.006678508321682, "P4_JVASP-15781_mp-7245_FD-ELAST_fweight": 444.49448825474315, "P4_JVASP-15781_mp-7245_FD-ELAST_vweight": 6.932014899691207e-12, "P4_JVASP-25063_mp-1014013_DFT-SCF_eweight": 638.4137432343745, "P4_JVASP-25063_mp-1014013_DFT-SCF_fweight": 29.318162688204026, "P4_JVASP-25063_mp-1014013_DFT-SCF_vweight": 5.8646185156587205e-12, "P4_JVASP-25063_mp-1014013_FD-ELAST_eweight": 8.95585167244188, "P4_JVASP-25063_mp-1014013_FD-ELAST_fweight": 305.36361015565944, "P4_JVASP-25063_mp-1014013_FD-ELAST_vweight": 6.182262267638212e-12, "P4_JVASP-25144_mp-157_DFT-SCF_eweight": 252.9228397808404, "P4_JVASP-25144_mp-157_DFT-SCF_fweight": 168.59394446617648, "P4_JVASP-25144_mp-157_DFT-SCF_vweight": 2.7126407996480634e-12, "P4_JVASP-25267_mp-604573_DFT-SCF_eweight": 524.5832537455508, "P4_JVASP-25267_mp-604573_DFT-SCF_fweight": 251.66598501287382, "P4_JVASP-25267_mp-604573_DFT-SCF_vweight": 8.62406187875864e-12, "P4_JVASP-25311_mp-674158_FD-ELAST_eweight": 6.411023123398756, "P4_JVASP-25311_mp-674158_FD-ELAST_fweight": 217.98951975017943, "P4_JVASP-25311_mp-674158_FD-ELAST_vweight": 9.14326765211268e-12, "P4_JVASP-25326_mp-7245_FD-ELAST_eweight": 3.1445063678986225, "P4_JVASP-25326_mp-7245_FD-ELAST_fweight": 364.26326921963084, "P4_JVASP-25326_mp-7245_FD-ELAST_vweight": 2.1457872866312886e-12, "P4_JVASP-26_mp-blackP_DFT-SCF_eweight": 329.8694826203502, "P4_JVASP-26_mp-blackP_DFT-SCF_fweight": 443.76844954807495, "P4_JVASP-26_mp-blackP_DFT-SCF_vweight": 2.4377738901048586e-12, "P4_JVASP-7818_mp-157_DFT-SCF_eweight": 599.0104863386531, "P4_JVASP-7818_mp-157_DFT-SCF_fweight": 299.5100423102924, "P4_JVASP-7818_mp-157_DFT-SCF_vweight": 5.949618169754334e-12, "P4_JVASP-79517_mp-1064333_DFT-SCF_eweight": 269.14984610154505, "P4_JVASP-79517_mp-1064333_DFT-SCF_fweight": 371.65883296696825, "P4_JVASP-79517_mp-1064333_DFT-SCF_vweight": 3.4622610287173457e-12, "P6_JVASP-14611_mp-130_FD-ELAST_eweight": 4.248456426301509, "P6_JVASP-14611_mp-130_FD-ELAST_fweight": 386.65243713593645, "P6_JVASP-14611_mp-130_FD-ELAST_vweight": 3.2346335322613985e-12, "P6_JVASP-25047_mp-130_FD-ELAST_eweight": 2.4870761774736465, "P6_JVASP-25047_mp-130_FD-ELAST_fweight": 339.10256875831425, "P6_JVASP-25047_mp-130_FD-ELAST_vweight": 2.501641842936052e-12, "P8_JVASP-25091_mp-12883_DFT-SCF_eweight": 887.8346905978697, "P8_JVASP-25091_mp-12883_DFT-SCF_fweight": 420.881541249986, "P8_JVASP-25091_mp-12883_DFT-SCF_vweight": 9.875498534501403e-12, "P8_JVASP-25144_mp-157_FD-ELAST_eweight": 5.022591774689279, "P8_JVASP-25144_mp-157_FD-ELAST_fweight": 423.9334080325565, "P8_JVASP-25144_mp-157_FD-ELAST_vweight": 1.6755600617810954e-12, "P8_JVASP-26_mp-blackP_FD-ELAST_eweight": 2.204300830620067, "P8_JVASP-26_mp-blackP_FD-ELAST_fweight": 48.87466321323131, "P8_JVASP-26_mp-blackP_FD-ELAST_vweight": 3.885526561781511e-12, "P8_JVASP-7758_mp-12883_DFT-SCF_eweight": 786.1135574624992, "P8_JVASP-7758_mp-12883_DFT-SCF_fweight": 394.09730327661345, "P8_JVASP-7758_mp-12883_DFT-SCF_vweight": 4.518235611499816e-12, "P8_JVASP-7818_mp-157_FD-ELAST_eweight": 6.243582699913558, "P8_JVASP-7818_mp-157_FD-ELAST_fweight": 333.7970559144323, "P8_JVASP-7818_mp-157_FD-ELAST_vweight": 2.5689272272654515e-12, "P8_JVASP-79517_mp-1064333_FD-ELAST_eweight": 4.848076011118264, "P8_JVASP-79517_mp-1064333_FD-ELAST_fweight": 370.7293493382989, "P8_JVASP-79517_mp-1064333_FD-ELAST_vweight": 3.5966574645955085e-12, "P_JVASP-25311_mp-674158_DFT-SCF_eweight": 365.2994857127884, "P_JVASP-25311_mp-674158_DFT-SCF_fweight": 335.67087982834147, "P_JVASP-25311_mp-674158_DFT-SCF_vweight": 1.4171486802593512e-12, "P_JVASP-7544_mp-ase-P_DFT-SCF_eweight": 332.50650697371066, "P_JVASP-7544_mp-ase-P_DFT-SCF_fweight": 384.88670463455486, "P_JVASP-7544_mp-ase-P_DFT-SCF_vweight": 9.625851438544005e-12, "P_JVASP-7544_mp-ase-P_FD-ELAST_eweight": 6.269431705517577, "P_JVASP-7544_mp-ase-P_FD-ELAST_fweight": 81.07068184614292, "P_JVASP-7544_mp-ase-P_FD-ELAST_vweight": 5.860833387508401e-12, "radelem_1": 0.7090893853865582, "radelem_2": 0.8210825373783854, "rcutfac": 4.096262370491755, "rfac0": 0.9224508286615741, "twojmax_1": 4.034032682046064, "twojmax_2": 6.7230372442495, "wj_1": 0.9841259680702736, "wj_2": 0.5295907919482176}, "datetime": {"datetime": "2023-02-01 00:52:19", "elapsed": 245.894188, "delta": 22.348585}}
{"target": -7.62702835487297, "params": {"Al2P2_JVASP-8182_mp-8880_DFT-SCF_eweight": 446.4018294200854, "Al2P2_JVASP-8182_mp-8880_DFT-SCF_fweight": 7.462325937535679, "Al2P2_JVASP-8182_mp-8880_DFT-SCF_vweight": 6.8381057817610094e-12, "Al2P2_JVASP-8182_mp-8880_FD-ELAST_eweight": 3.9857837726710796, "Al2P2_JVASP-8182_mp-8880_FD-ELAST_fweight": 387.82404224389086, "Al2P2_JVASP-8182_mp-8880_FD-ELAST_vweight": 4.025749154933555e-12, "Al2_JVASP-25408_mp-998860_FD-ELAST_eweight": 9.76588439515025, "Al2_JVASP-25408_mp-998860_FD-ELAST_fweight": 405.5994048036292, "Al2_JVASP-25408_mp-998860_FD-ELAST_vweight": 3.2039189283263482e-12, "Al4P4_JVASP-1327_mp-1550_FD-ELAST_eweight": 4.27954327309399, "Al4P4_JVASP-1327_mp-1550_FD-ELAST_fweight": 466.72021164327526, "Al4P4_JVASP-1327_mp-1550_FD-ELAST_vweight": 9.402757042795628e-12, "Al4P4_JVASP-30519_mp-997569_FD-ELAST_eweight": 9.171920106659766, "Al4P4_JVASP-30519_mp-997569_FD-ELAST_fweight": 255.3065374491189, "Al4P4_JVASP-30519_mp-997569_FD-ELAST_vweight": 5.8116168675708284e-12, "Al4_JVASP-14615_mp-134_FD-ELAST_eweight": 1.9881558278687663, "Al4_JVASP-14615_mp-134_FD-ELAST_fweight": 222.91258798782493, "Al4_JVASP-14615_mp-134_FD-ELAST_vweight": 4.086201860379042e-12, "Al4_JVASP-816_mp-134_FD-ELAST_eweight": 3.954476954864404, "Al4_JVASP-816_mp-134_FD-ELAST_fweight": 432.41104958896443, "Al4_JVASP-816_mp-134_FD-ELAST_vweight": 3.686188590234547e-12, "AlP_JVASP-1327_mp-1550_DFT-SCF_eweight": 438.87214154871356, "AlP_JVASP-1327_mp-1550_DFT-SCF_fweight": 484.8800032466805, "AlP_JVASP-1327_mp-1550_DFT-SCF_vweight": 3.3821575217834577e-12, "Al_JVASP-14615_mp-134_DFT-SCF_eweight": 107.77027314436877, "Al_JVASP-14615_mp-134_DFT-SCF_fweight": 79.02548064370052, "Al_JVASP-14615_mp-134_DFT-SCF_vweight": 6.340515056425469e-12, "Al_JVASP-25408_mp-998860_DFT-SCF_eweight": 473.5118071243043, "Al_JVASP-25408_mp-998860_DFT-SCF_fweight": 196.02152594778525, "Al_JVASP-25408_mp-998860_DFT-SCF_vweight": 1.9667329620198937e-12, "Al_JVASP-7148_mp-ase-Al_DFT-SCF_eweight": 240.41262445669454, "Al_JVASP-7148_mp-ase-Al_DFT-SCF_fweight": 64.12171117801236, "Al_JVASP-7148_mp-ase-Al_DFT-SCF_vweight": 1.4175807371266097e-12, "Al_JVASP-7148_mp-ase-Al_FD-ELAST_eweight": 6.351513757486767, "Al_JVASP-7148_mp-ase-Al_FD-ELAST_fweight": 409.5322816669303, "Al_JVASP-7148_mp-ase-Al_FD-ELAST_vweight": 6.3237194037543116e-12, "Al_JVASP-816_mp-134_DFT-SCF_eweight": 430.3770066108899, "Al_JVASP-816_mp-134_DFT-SCF_fweight": 432.0666854532633, "Al_JVASP-816_mp-134_DFT-SCF_vweight": 5.866044250015985e-12, "P16_JVASP-25091_mp-12883_FD-ELAST_eweight": 8.134341361061882, "P16_JVASP-25091_mp-12883_FD-ELAST_fweight": 353.9995265290456, "P16_JVASP-25091_mp-12883_FD-ELAST_vweight": 4.8617484992749216e-12, "P16_JVASP-7758_mp-12883_FD-ELAST_eweight": 8.742904282762883, "P16_JVASP-7758_mp-12883_FD-ELAST_fweight": 496.710988565479, "P16_JVASP-7758_mp-12883_FD-ELAST_vweight": 1.3438755967031404e-12, "P24_JVASP-25087_mp-118_DFT-SCF_eweight": 244.15673168172475, "P24_JVASP-25087_mp-118_DFT-SCF_fweight": 29.520025394545442, "P24_JVASP-25087_mp-118_DFT-SCF_vweight": 1.7471624595648784e-12, "P24_JVASP-25087_mp-118_FD-ELAST_eweight": 3.088679014473594, "P24_JVASP-25087_mp-118_FD-ELAST_fweight": 12.717720645778101, "P24_JVASP-25087_mp-118_FD-ELAST_vweight": 9.819884695730791e-12, "P2_JVASP-14611_mp-130_DFT-SCF_eweight": 909.7410361336996, "P2_JVASP-14611_mp-130_DFT-SCF_fweight": 426.3025008964685, "P2_JVASP-14611_mp-130_DFT-SCF_vweight": 9.409126925005791e-12, "P2_JVASP-15781_mp-7245_DFT-SCF_eweight": 727.9399246156538, "P2_JVASP-15781_mp-7245_DFT-SCF_fweight": 334.2657336898434, "P2_JVASP-15781_mp-7245_DFT-SCF_vweight": 3.033971184273739e-12, "P2_JVASP-25047_mp-130_DFT-SCF_eweight": 207.01959390869789, "P2_JVASP-25047_mp-130_DFT-SCF_fweight": 390.33445386433306, "P2_JVASP-25047_mp-130_DFT-SCF_vweight": 3.814853299693117e-12, "P2_JVASP-25186_mp-53_DFT-SCF_eweight": 228.74381507806115, "P2_JVASP-25186_mp-53_DFT-SCF_fweight": 190.31427139841102, "P2_JVASP-25186_mp-53_DFT-SCF_vweight": 2.82160692241213e-12, "P2_JVASP-25186_mp-53_FD-ELAST_eweight": 5.852526858350129, "P2_JVASP-25186_mp-53_FD-ELAST_fweight": 400.7840855487833, "P2_JVASP-25186_mp-53_FD-ELAST_vweight": 5.305550012183327e-12, "P2_JVASP-25326_mp-7245_DFT-SCF_eweight": 955.3674631432366, "P2_JVASP-25326_mp-7245_DFT-SCF_fweight": 349.7140829376883, "P2_JVASP-25326_mp-7245_DFT-SCF_vweight": 8.002362985186428e-12, "P2_JVASP-7547_mp-ase-P2_DFT-SCF_eweight": 934.0826458811431, "P2_JVASP-7547_mp-ase-P2_DFT-SCF_fweight": 264.0417244921106, "P2_JVASP-7547_mp-ase-P2_DFT-SCF_vweight": 6.809936706992773e-12, "P2_JVASP-7547_mp-ase-P2_FD-ELAST_eweight": 6.370990544695203, "P2_JVASP-7547_mp-ase-P2_FD-ELAST_fweight": 367.29233375657367, "P2_JVASP-7547_mp-ase-P2_FD-ELAST_vweight": 1.8715165042651384e-12, "P4_JVASP-15781_mp-7245_FD-ELAST_eweight": 5.06360313102513, "P4_JVASP-15781_mp-7245_FD-ELAST_fweight": 340.3752892363581, "P4_JVASP-15781_mp-7245_FD-ELAST_vweight": 4.7621336554710345e-12, "P4_JVASP-25063_mp-1014013_DFT-SCF_eweight": 164.7120064237444, "P4_JVASP-25063_mp-1014013_DFT-SCF_fweight": 306.00218173227904, "P4_JVASP-25063_mp-1014013_DFT-SCF_vweight": 5.243402687838513e-12, "P4_JVASP-25063_mp-1014013_FD-ELAST_eweight": 3.0322378557815357, "P4_JVASP-25063_mp-1014013_FD-ELAST_fweight": 483.6140840989998, "P4_JVASP-25063_mp-1014013_FD-ELAST_vweight": 6.0483967581351134e-12, "P4_JVASP-25144_mp-157_DFT-SCF_eweight": 196.15132780593171, "P4_JVASP-25144_mp-157_DFT-SCF_fweight": 490.139827766134, "P4_JVASP-25144_mp-157_DFT-SCF_vweight": 2.6457179571603955e-12, "P4_JVASP-25267_mp-604573_DFT-SCF_eweight": 353.04844798309273, "P4_JVASP-25267_mp-604573_DFT-SCF_fweight": 144.90127118418914, "P4_JVASP-25267_mp-604573_DFT-SCF_vweight": 5.8428665395889995e-12, "P4_JVASP-25311_mp-674158_FD-ELAST_eweight": 9.127291906573955, "P4_JVASP-25311_mp-674158_FD-ELAST_fweight": 192.31137802157681, "P4_JVASP-25311_mp-674158_FD-ELAST_vweight": 5.939145996477337e-12, "P4_JVASP-25326_mp-7245_FD-ELAST_eweight": 4.608262043637385, "P4_JVASP-25326_mp-7245_FD-ELAST_fweight": 56.67840108725984, "P4_JVASP-25326_mp-7245_FD-ELAST_vweight": 8.070863540997952e-12, "P4_JVASP-26_mp-blackP_DFT-SCF_eweight": 350.8571875020176, "P4_JVASP-26_mp-blackP_DFT-SCF_fweight": 187.97964473033704, "P4_JVASP-26_mp-blackP_DFT-SCF_vweight": 8.633074804943137e-12, "P4_JVASP-7818_mp-157_DFT-SCF_eweight": 889.3906802060579, "P4_JVASP-7818_mp-157_DFT-SCF_fweight": 387.0884959836695, "P4_JVASP-7818_mp-157_DFT-SCF_vweight": 6.089521837713465e-12, "P4_JVASP-79517_mp-1064333_DFT-SCF_eweight": 617.6225043381543, "P4_JVASP-79517_mp-1064333_DFT-SCF_fweight": 82.11047985939068, "P4_JVASP-79517_mp-1064333_DFT-SCF_vweight": 9.51489932226246e-12, "P6_JVASP-14611_mp-130_FD-ELAST_eweight": 1.9351792015632059, "P6_JVASP-14611_mp-130_FD-ELAST_fweight": 372.091111869586, "P6_JVASP-14611_mp-130_FD-ELAST_vweight": 4.794503212456793e-12, "P6_JVASP-25047_mp-130_FD-ELAST_eweight": 7.6340416881857935, "P6_JVASP-25047_mp-130_FD-ELAST_fweight": 308.9502873041106, "P6_JVASP-25047_mp-130_FD-ELAST_vweight": 8.798418447551041e-12, "P8_JVASP-25091_mp-12883_DFT-SCF_eweight": 607.7200651952069, "P8_JVASP-25091_mp-12883_DFT-SCF_fweight": 363.33244360588, "P8_JVASP-25091_mp-12883_DFT-SCF_vweight": 5.425185724994832e-12, "P8_JVASP-25144_mp-157_FD-ELAST_eweight": 5.064202807400872, "P8_JVASP-25144_mp-157_FD-ELAST_fweight": 412.1204861602837, "P8_JVASP-25144_mp-157_FD-ELAST_vweight": 2.733030062418117e-12, "P8_JVASP-26_mp-blackP_FD-ELAST_eweight": 3.1139647998959257, "P8_JVASP-26_mp-blackP_FD-ELAST_fweight": 142.93802792627264, "P8_JVASP-26_mp-blackP_FD-ELAST_vweight": 9.018888721868437e-12, "P8_JVASP-7758_mp-12883_DFT-SCF_eweight": 382.0594429881049, "P8_JVASP-7758_mp-12883_DFT-SCF_fweight": 412.2722574354134, "P8_JVASP-7758_mp-12883_DFT-SCF_vweight": 2.8198957728687232e-12, "P8_JVASP-7818_mp-157_FD-ELAST_eweight": 7.096798545169529, "P8_JVASP-7818_mp-157_FD-ELAST_fweight": 342.8696173693847, "P8_JVASP-7818_mp-157_FD-ELAST_vweight": 8.556106006862336e-12, "P8_JVASP-79517_mp-1064333_FD-ELAST_eweight": 6.361727341758739, "P8_JVASP-79517_mp-1064333_FD-ELAST_fweight": 224.57314036179818, "P8_JVASP-79517_mp-1064333_FD-ELAST_vweight": 9.196506390715797e-12, "P_JVASP-25311_mp-674158_DFT-SCF_eweight": 962.4055403669976, "P_JVASP-25311_mp-674158_DFT-SCF_fweight": 378.55336200268744, "P_JVASP-25311_mp-674158_DFT-SCF_vweight": 5.0884630433232405e-12, "P_JVASP-7544_mp-ase-P_DFT-SCF_eweight": 699.9189955658612, "P_JVASP-7544_mp-ase-P_DFT-SCF_fweight": 205.0535923902973, "P_JVASP-7544_mp-ase-P_DFT-SCF_vweight": 7.116852997531908e-12, "P_JVASP-7544_mp-ase-P_FD-ELAST_eweight": 4.749058044014866, "P_JVASP-7544_mp-ase-P_FD-ELAST_fweight": 114.02372401903345, "P_JVASP-7544_mp-ase-P_FD-ELAST_vweight": 6.007354517853654e-12, "radelem_1": 0.7685734604496695, "radelem_2": 0.5478556526388755, "rcutfac": 4.27269845180499, "rfac0": 0.9524672545784193, "twojmax_1": 4.0723168302785515, "twojmax_2": 6.996482800037002, "wj_1": 0.9351486496131012, "wj_2": 0.9072972306224885}, "datetime": {"datetime": "2023-02-01 00:52:36", "elapsed": 262.918409, "delta": 17.024221}}
