{"target": -5.750550786267871, "params": {"Al2P2_JVASP-8182_mp-8880_DFT-SCF_eweight": 563.8094947315033, "Al2P2_JVASP-8182_mp-8880_DFT-SCF_fweight": 218.8113533035768, "Al2P2_JVASP-8182_mp-8880_DFT-SCF_vweight": 2.4675560158007703e-12, "Al2P2_JVASP-8182_mp-8880_FD-ELAST_eweight": 1.0972022552060272, "Al2P2_JVASP-8182_mp-8880_FD-ELAST_fweight": 92.23332897247528, "Al2P2_JVASP-8182_mp-8880_FD-ELAST_vweight": 9.379403358028717e-12, "Al2_JVASP-25408_mp-998860_FD-ELAST_eweight": 3.9417986622896803, "Al2_JVASP-25408_mp-998860_FD-ELAST_fweight": 192.6722823854531, "Al2_JVASP-25408_mp-998860_FD-ELAST_vweight": 9.854340095746396e-12, "Al4P4_JVASP-1327_mp-1550_FD-ELAST_eweight": 5.18891455712179, "Al4P4_JVASP-1327_mp-1550_FD-ELAST_fweight": 192.1156578692006, "Al4P4_JVASP-1327_mp-1550_FD-ELAST_vweight": 6.7648074406843686e-12, "Al4P4_JVASP-30519_mp-997569_FD-ELAST_eweight": 1.1297885468535926, "Al4P4_JVASP-30519_mp-997569_FD-ELAST_fweight": 366.9005052564824, "Al4P4_JVASP-30519_mp-997569_FD-ELAST_vweight": 5.726511247459861e-12, "Al4_JVASP-14615_mp-134_FD-ELAST_eweight": 1.602004886989465, "Al4_JVASP-14615_mp-134_FD-ELAST_fweight": 138.29378509427556, "Al4_JVASP-14615_mp-134_FD-ELAST_vweight": 1.2439509322438414e-12, "Al4_JVASP-816_mp-134_FD-ELAST_eweight": 9.601788131305712, "Al4_JVASP-816_mp-134_FD-ELAST_fweight": 367.168461674792, "Al4_JVASP-816_mp-134_FD-ELAST_vweight": 3.69688404379585e-12, "AlP_JVASP-1327_mp-1550_DFT-SCF_eweight": 974.0967520393452, "AlP_JVASP-1327_mp-1550_DFT-SCF_fweight": 457.7349607883544, "AlP_JVASP-1327_mp-1550_DFT-SCF_vweight": 5.766412669627978e-12, "Al_JVASP-14615_mp-134_DFT-SCF_eweight": 767.4025239941221, "Al_JVASP-14615_mp-134_DFT-SCF_fweight": 11.599458487600268, "Al_JVASP-14615_mp-134_DFT-SCF_vweight": 1.8242804126670548e-12, "Al_JVASP-25408_mp-998860_DFT-SCF_eweight": 696.3285105611161, "Al_JVASP-25408_mp-998860_DFT-SCF_fweight": 450.9702330849028, "Al_JVASP-25408_mp-998860_DFT-SCF_vweight": 9.784091721624179e-12, "Al_JVASP-7148_mp-ase-Al_DFT-SCF_eweight": 947.8328319102908, "Al_JVASP-7148_mp-ase-Al_DFT-SCF_fweight": 102.67293737676798, "Al_JVASP-7148_mp-ase-Al_DFT-SCF_vweight": 6.168968659131912e-12, "Al_JVASP-7148_mp-ase-Al_FD-ELAST_eweight": 6.75303610923803, "Al_JVASP-7148_mp-ase-Al_FD-ELAST_fweight": 63.36130240307164, "Al_JVASP-7148_mp-ase-Al_FD-ELAST_vweight": 3.0903377634374637e-12, "Al_JVASP-816_mp-134_DFT-SCF_eweight": 925.0167590715704, "Al_JVASP-816_mp-134_DFT-SCF_fweight": 446.2643636253748, "Al_JVASP-816_mp-134_DFT-SCF_vweight": 9.770975214056745e-12, "P16_JVASP-25091_mp-12883_FD-ELAST_eweight": 4.848441595134926, "P16_JVASP-25091_mp-12883_FD-ELAST_fweight": 432.1237014783625, "P16_JVASP-25091_mp-12883_FD-ELAST_vweight": 3.5980738596674315e-12, "P16_JVASP-7758_mp-12883_FD-ELAST_eweight": 3.673484091117936, "P16_JVASP-7758_mp-12883_FD-ELAST_fweight": 52.87989321299279, "P16_JVASP-7758_mp-12883_FD-ELAST_vweight": 5.071074658448138e-12, "P24_JVASP-25087_mp-118_DFT-SCF_eweight": 204.61233504823025, "P24_JVASP-25087_mp-118_DFT-SCF_fweight": 445.12316086348375, "P24_JVASP-25087_mp-118_DFT-SCF_vweight": 6.927749032008013e-12, "P24_JVASP-25087_mp-118_FD-ELAST_eweight": 6.1441380659800515, "P24_JVASP-25087_mp-118_FD-ELAST_fweight": 99.5756067857209, "P24_JVASP-25087_mp-118_FD-ELAST_vweight": 1.8107700857320162e-12, "P2_JVASP-14611_mp-130_DFT-SCF_eweight": 881.8091285960014, "P2_JVASP-14611_mp-130_DFT-SCF_fweight": 411.08329576778084, "P2_JVASP-14611_mp-130_DFT-SCF_vweight": 5.142757193692683e-12, "P2_JVASP-15781_mp-7245_DFT-SCF_eweight": 783.0224245172402, "P2_JVASP-15781_mp-7245_DFT-SCF_fweight": 469.65660141174413, "P2_JVASP-15781_mp-7245_DFT-SCF_vweight": 9.752203753606053e-12, "P2_JVASP-25047_mp-130_DFT-SCF_eweight": 298.517664040442, "P2_JVASP-25047_mp-130_DFT-SCF_fweight": 282.04618093631814, "P2_JVASP-25047_mp-130_DFT-SCF_vweight": 7.28005095458868e-12, "P2_JVASP-25186_mp-53_DFT-SCF_eweight": 140.6518587515288, "P2_JVASP-25186_mp-53_DFT-SCF_fweight": 44.33507351250247, "P2_JVASP-25186_mp-53_DFT-SCF_vweight": 9.81748196515428e-12, "P2_JVASP-25186_mp-53_FD-ELAST_eweight": 7.486545639936758, "P2_JVASP-25186_mp-53_FD-ELAST_fweight": 279.30459964767033, "P2_JVASP-25186_mp-53_FD-ELAST_vweight": 1.8549782668060143e-12, "P2_JVASP-25326_mp-7245_DFT-SCF_eweight": 995.6160308780644, "P2_JVASP-25326_mp-7245_DFT-SCF_fweight": 193.62413932711894, "P2_JVASP-25326_mp-7245_DFT-SCF_vweight": 7.023709496339439e-12, "P2_JVASP-7547_mp-ase-P2_DFT-SCF_eweight": 357.6044390709748, "P2_JVASP-7547_mp-ase-P2_DFT-SCF_fweight": 468.52839448538487, "P2_JVASP-7547_mp-ase-P2_DFT-SCF_vweight": 1.828470201174078e-12, "P2_JVASP-7547_mp-ase-P2_FD-ELAST_eweight": 9.278506664636812, "P2_JVASP-7547_mp-ase-P2_FD-ELAST_fweight": 180.86060053738268, "P2_JVASP-7547_mp-ase-P2_FD-ELAST_vweight": 8.989180621306667e-12, "P4_JVASP-15781_mp-7245_FD-ELAST_eweight": 9.839058109384245, "P4_JVASP-15781_mp-7245_FD-ELAST_fweight": 13.172682974587467, "P4_JVASP-15781_mp-7245_FD-ELAST_vweight": 6.177574440644159e-12, "P4_JVASP-25063_mp-1014013_DFT-SCF_eweight": 633.1109102796064, "P4_JVASP-25063_mp-1014013_DFT-SCF_fweight": 383.7334087445877, "P4_JVASP-25063_mp-1014013_DFT-SCF_vweight": 4.879200917587665e-12, "P4_JVASP-25063_mp-1014013_FD-ELAST_eweight": 3.9181869124298316, "P4_JVASP-25063_mp-1014013_FD-ELAST_fweight": 83.96158616661018, "P4_JVASP-25063_mp-1014013_FD-ELAST_vweight": 8.9212473139016e-12, "P4_JVASP-25144_mp-157_DFT-SCF_eweight": 164.587867885754, "P4_JVASP-25144_mp-157_DFT-SCF_fweight": 36.73233213360248, "P4_JVASP-25144_mp-157_DFT-SCF_vweight": 9.956752538521113e-12, "P4_JVASP-25267_mp-604573_DFT-SCF_eweight": 117.01493188580338, "P4_JVASP-25267_mp-604573_DFT-SCF_fweight": 187.94564906850917, "P4_JVASP-25267_mp-604573_DFT-SCF_vweight": 7.019480804537867e-12, "P4_JVASP-25311_mp-674158_FD-ELAST_eweight": 1.7651535612379612, "P4_JVASP-25311_mp-674158_FD-ELAST_fweight": 277.86630632791594, "P4_JVASP-25311_mp-674158_FD-ELAST_vweight": 9.281302916716642e-12, "P4_JVASP-25326_mp-7245_FD-ELAST_eweight": 5.081808269394702, "P4_JVASP-25326_mp-7245_FD-ELAST_fweight": 438.97125043699117, "P4_JVASP-25326_mp-7245_FD-ELAST_vweight": 2.8332593094107894e-12, "P4_JVASP-26_mp-blackP_DFT-SCF_eweight": 797.9161226789313, "P4_JVASP-26_mp-blackP_DFT-SCF_fweight": 327.9550986546786, "P4_JVASP-26_mp-blackP_DFT-SCF_vweight": 9.365438345221614e-12, "P4_JVASP-7818_mp-157_DFT-SCF_eweight": 872.4116072673069, "P4_JVASP-7818_mp-157_DFT-SCF_fweight": 232.83812380335004, "P4_JVASP-7818_mp-157_DFT-SCF_vweight": 6.145209524948632e-12, "P4_JVASP-79517_mp-1064333_DFT-SCF_eweight": 572.2795252873286, "P4_JVASP-79517_mp-1064333_DFT-SCF_fweight": 136.40389452586643, "P4_JVASP-79517_mp-1064333_DFT-SCF_vweight": 8.211216339325886e-12, "P6_JVASP-14611_mp-130_FD-ELAST_eweight": 2.009022074319068, "P6_JVASP-14611_mp-130_FD-ELAST_fweight": 497.47627121330004, "P6_JVASP-14611_mp-130_FD-ELAST_vweight": 1.212424365738972e-12, "P6_JVASP-25047_mp-130_FD-ELAST_eweight": 5.128844889221475, "P6_JVASP-25047_mp-130_FD-ELAST_fweight": 11.641250198912402, "P6_JVASP-25047_mp-130_FD-ELAST_vweight": 4.382071547359477e-12, "P8_JVASP-25091_mp-12883_DFT-SCF_eweight": 768.9299178148602, "P8_JVASP-25091_mp-12883_DFT-SCF_fweight": 262.8929249953304, "P8_JVASP-25091_mp-12883_DFT-SCF_vweight": 7.641658917701685e-12, "P8_JVASP-25144_mp-157_FD-ELAST_eweight": 8.91122562283901, "P8_JVASP-25144_mp-157_FD-ELAST_fweight": 274.70431597151804, "P8_JVASP-25144_mp-157_FD-ELAST_vweight": 8.974286844628664e-12, "P8_JVASP-26_mp-blackP_FD-ELAST_eweight": 6.310660238025155, "P8_JVASP-26_mp-blackP_FD-ELAST_fweight": 169.23049372516152, "P8_JVASP-26_mp-blackP_FD-ELAST_vweight": 1.2429701509934528e-12, "P8_JVASP-7758_mp-12883_DFT-SCF_eweight": 836.7808366102183, "P8_JVASP-7758_mp-12883_DFT-SCF_fweight": 307.6889178152765, "P8_JVASP-7758_mp-12883_DFT-SCF_vweight": 8.999717344803985e-12, "P8_JVASP-7818_mp-157_FD-ELAST_eweight": 2.8533848836870526, "P8_JVASP-7818_mp-157_FD-ELAST_fweight": 269.59730152149893, "P8_JVASP-7818_mp-157_FD-ELAST_vweight": 5.72501596228151e-12, "P8_JVASP-79517_mp-1064333_FD-ELAST_eweight": 1.19666597182999, "P8_JVASP-79517_mp-1064333_FD-ELAST_fweight": 464.8500496428728, "P8_JVASP-79517_mp-1064333_FD-ELAST_vweight": 4.624794659818565e-12, "P_JVASP-25311_mp-674158_DFT-SCF_eweight": 391.1605794273134, "P_JVASP-25311_mp-674158_DFT-SCF_fweight": 499.2838874460018, "P_JVASP-25311_mp-674158_DFT-SCF_vweight": 7.297828813371268e-12, "P_JVASP-7544_mp-ase-P_DFT-SCF_eweight": 256.2917263240096, "P_JVASP-7544_mp-ase-P_DFT-SCF_fweight": 21.680856895494486, "P_JVASP-7544_mp-ase-P_DFT-SCF_vweight": 3.451452631047386e-12, "P_JVASP-7544_mp-ase-P_FD-ELAST_eweight": 3.452300028545028, "P_JVASP-7544_mp-ase-P_FD-ELAST_fweight": 457.6919697626197, "P_JVASP-7544_mp-ase-P_FD-ELAST_vweight": 2.501811408167881e-12, "radelem_1": 1.0072232092520041, "radelem_2": 1.0004131618170846, "rcutfac": 3.9575789829352153, "rfac0": 0.9832260571410706, "twojmax_1": 7.15084395184015, "twojmax_2": 7.300084278995715, "wj_1": 0.848900174957719, "wj_2": 0.7537464751800353}, "datetime": {"datetime": "2023-02-01 00:49:47", "elapsed": 93.095899, "delta": 38.687433}}
{"target": -6.648471569195314, "params": {"Al2P2_JVASP-8182_mp-8880_DFT-SCF_eweight": 238.97168689749054, "Al2P2_JVASP-8182_mp-8880_DFT-SCF_fweight": 39.14051375849363, "Al2P2_JVASP-8182_mp-8880_DFT-SCF_vweight": 2.647519659716991e-12, "Al2P2_JVASP-8182_mp-8880_FD-ELAST_eweight": 8.35774349253617, "Al2P2_JVASP-8182_mp-8880_FD-ELAST_fweight": 56.62546783405075, "Al2P2_JVASP-8182_mp-8880_FD-ELAST_vweight": 6.307965930448585e-12, "Al2_JVASP-25408_mp-998860_FD-ELAST_eweight": 9.129832204331, "Al2_JVASP-25408_mp-998860_FD-ELAST_fweight": 17.669295920461423, "Al2_JVASP-25408_mp-998860_FD-ELAST_vweight": 7.160750041051953e-12, "Al4P4_JVASP-1327_mp-1550_FD-ELAST_eweight": 6.8420202935262, "Al4P4_JVASP-1327_mp-1550_FD-ELAST_fweight": 59.12128548807191, "Al4P4_JVASP-1327_mp-1550_FD-ELAST_vweight": 7.289285322413673e-12, "Al4P4_JVASP-30519_mp-997569_FD-ELAST_eweight": 2.6175954958541294, "Al4P4_JVASP-30519_mp-997569_FD-ELAST_fweight": 164.20727635044128, "Al4P4_JVASP-30519_mp-997569_FD-ELAST_vweight": 5.345825428671241e-12, "Al4_JVASP-14615_mp-134_FD-ELAST_eweight": 8.360292912303898, "Al4_JVASP-14615_mp-134_FD-ELAST_fweight": 418.6380095213124, "Al4_JVASP-14615_mp-134_FD-ELAST_vweight": 7.951393971178799e-12, "Al4_JVASP-816_mp-134_FD-ELAST_eweight": 7.187439108144088, "Al4_JVASP-816_mp-134_FD-ELAST_fweight": 143.03735759325835, "Al4_JVASP-816_mp-134_FD-ELAST_vweight": 8.451931080246663e-12, "AlP_JVASP-1327_mp-1550_DFT-SCF_eweight": 750.7415081523744, "AlP_JVASP-1327_mp-1550_DFT-SCF_fweight": 450.9124992301278, "AlP_JVASP-1327_mp-1550_DFT-SCF_vweight": 3.5724985963447712e-12, "Al_JVASP-14615_mp-134_DFT-SCF_eweight": 451.1186884505067, "Al_JVASP-14615_mp-134_DFT-SCF_fweight": 482.04339175078036, "Al_JVASP-14615_mp-134_DFT-SCF_vweight": 1.862534226109136e-12, "Al_JVASP-25408_mp-998860_DFT-SCF_eweight": 177.19959119958565, "Al_JVASP-25408_mp-998860_DFT-SCF_fweight": 228.6824195306551, "Al_JVASP-25408_mp-998860_DFT-SCF_vweight": 2.7871394019905405e-12, "Al_JVASP-7148_mp-ase-Al_DFT-SCF_eweight": 264.75602011773253, "Al_JVASP-7148_mp-ase-Al_DFT-SCF_fweight": 272.26836002761326, "Al_JVASP-7148_mp-ase-Al_DFT-SCF_vweight": 4.388846267119976e-12, "Al_JVASP-7148_mp-ase-Al_FD-ELAST_eweight": 7.26790221237213, "Al_JVASP-7148_mp-ase-Al_FD-ELAST_fweight": 65.89866677155574, "Al_JVASP-7148_mp-ase-Al_FD-ELAST_vweight": 4.298031581871571e-12, "Al_JVASP-816_mp-134_DFT-SCF_eweight": 414.5691719828788, "Al_JVASP-816_mp-134_DFT-SCF_fweight": 435.6229627358842, "Al_JVASP-816_mp-134_DFT-SCF_vweight": 3.344491330477071e-12, "P16_JVASP-25091_mp-12883_FD-ELAST_eweight": 1.6883886835805968, "P16_JVASP-25091_mp-12883_FD-ELAST_fweight": 238.86236457003696, "P16_JVASP-25091_mp-12883_FD-ELAST_vweight": 1.4829338983830278e-12, "P16_JVASP-7758_mp-12883_FD-ELAST_eweight": 1.3921810629043607, "P16_JVASP-7758_mp-12883_FD-ELAST_fweight": 442.7271121207229, "P16_JVASP-7758_mp-12883_FD-ELAST_vweight": 5.780400552680584e-12, "P24_JVASP-25087_mp-118_DFT-SCF_eweight": 320.10376493970966, "P24_JVASP-25087_mp-118_DFT-SCF_fweight": 274.4052715657591, "P24_JVASP-25087_mp-118_DFT-SCF_vweight": 6.2749716130635814e-12, "P24_JVASP-25087_mp-118_FD-ELAST_eweight": 3.2071751510937805, "P24_JVASP-25087_mp-118_FD-ELAST_fweight": 356.96649582839683, "P24_JVASP-25087_mp-118_FD-ELAST_vweight": 4.258227118300945e-12, "P2_JVASP-14611_mp-130_DFT-SCF_eweight": 636.1043815129215, "P2_JVASP-14611_mp-130_DFT-SCF_fweight": 104.23138763472231, "P2_JVASP-14611_mp-130_DFT-SCF_vweight": 2.3493318757452016e-12, "P2_JVASP-15781_mp-7245_DFT-SCF_eweight": 860.7002045325116, "P2_JVASP-15781_mp-7245_DFT-SCF_fweight": 108.87907423205145, "P2_JVASP-15781_mp-7245_DFT-SCF_vweight": 9.445294757724977e-12, "P2_JVASP-25047_mp-130_DFT-SCF_eweight": 355.624262618261, "P2_JVASP-25047_mp-130_DFT-SCF_fweight": 50.62159348138737, "P2_JVASP-25047_mp-130_DFT-SCF_vweight": 6.144484154265696e-12, "P2_JVASP-25186_mp-53_DFT-SCF_eweight": 193.3722208767317, "P2_JVASP-25186_mp-53_DFT-SCF_fweight": 498.2544609302768, "P2_JVASP-25186_mp-53_DFT-SCF_vweight": 9.573205441227678e-12, "P2_JVASP-25186_mp-53_FD-ELAST_eweight": 4.97325517432399, "P2_JVASP-25186_mp-53_FD-ELAST_fweight": 300.84436009706934, "P2_JVASP-25186_mp-53_FD-ELAST_vweight": 3.3917862133439955e-12, "P2_JVASP-25326_mp-7245_DFT-SCF_eweight": 833.3498082881683, "P2_JVASP-25326_mp-7245_DFT-SCF_fweight": 197.60035973495997, "P2_JVASP-25326_mp-7245_DFT-SCF_vweight": 8.518102524321844e-12, "P2_JVASP-7547_mp-ase-P2_DFT-SCF_eweight": 913.2739084512141, "P2_JVASP-7547_mp-ase-P2_DFT-SCF_fweight": 400.21447396062723, "P2_JVASP-7547_mp-ase-P2_DFT-SCF_vweight": 7.330523394153565e-12, "P2_JVASP-7547_mp-ase-P2_FD-ELAST_eweight": 9.244826493874635, "P2_JVASP-7547_mp-ase-P2_FD-ELAST_fweight": 470.54827501092007, "P2_JVASP-7547_mp-ase-P2_FD-ELAST_vweight": 8.245268438856678e-12, "P4_JVASP-15781_mp-7245_FD-ELAST_eweight": 9.770248037343775, "P4_JVASP-15781_mp-7245_FD-ELAST_fweight": 265.7826598888811, "P4_JVASP-15781_mp-7245_FD-ELAST_vweight": 1.8646812770303116e-12, "P4_JVASP-25063_mp-1014013_DFT-SCF_eweight": 140.5286804917324, "P4_JVASP-25063_mp-1014013_DFT-SCF_fweight": 260.35810677435137, "P4_JVASP-25063_mp-1014013_DFT-SCF_vweight": 3.473097025723038e-12, "P4_JVASP-25063_mp-1014013_FD-ELAST_eweight": 9.260819384328753, "P4_JVASP-25063_mp-1014013_FD-ELAST_fweight": 439.4128273236339, "P4_JVASP-25063_mp-1014013_FD-ELAST_vweight": 6.230683298713633e-12, "P4_JVASP-25144_mp-157_DFT-SCF_eweight": 225.3772617821244, "P4_JVASP-25144_mp-157_DFT-SCF_fweight": 444.1405270012035, "P4_JVASP-25144_mp-157_DFT-SCF_vweight": 6.031026473706825e-12, "P4_JVASP-25267_mp-604573_DFT-SCF_eweight": 752.6039091163328, "P4_JVASP-25267_mp-604573_DFT-SCF_fweight": 62.14752263852163, "P4_JVASP-25267_mp-604573_DFT-SCF_vweight": 6.184715321696498e-12, "P4_JVASP-25311_mp-674158_FD-ELAST_eweight": 4.44905292979919, "P4_JVASP-25311_mp-674158_FD-ELAST_fweight": 145.33330236610533, "P4_JVASP-25311_mp-674158_FD-ELAST_vweight": 7.203559377672633e-12, "P4_JVASP-25326_mp-7245_FD-ELAST_eweight": 3.9819168812287216, "P4_JVASP-25326_mp-7245_FD-ELAST_fweight": 408.1700459565937, "P4_JVASP-25326_mp-7245_FD-ELAST_vweight": 3.1131500032675172e-12, "P4_JVASP-26_mp-blackP_DFT-SCF_eweight": 629.5289591294097, "P4_JVASP-26_mp-blackP_DFT-SCF_fweight": 446.7708381063591, "P4_JVASP-26_mp-blackP_DFT-SCF_vweight": 3.69845492693012e-12, "P4_JVASP-7818_mp-157_DFT-SCF_eweight": 947.5531748546686, "P4_JVASP-7818_mp-157_DFT-SCF_fweight": 281.6022925152428, "P4_JVASP-7818_mp-157_DFT-SCF_vweight": 6.461981490316924e-12, "P4_JVASP-79517_mp-1064333_DFT-SCF_eweight": 838.7789873293705, "P4_JVASP-79517_mp-1064333_DFT-SCF_fweight": 259.6844649109402, "P4_JVASP-79517_mp-1064333_DFT-SCF_vweight": 5.2189053611365375e-12, "P6_JVASP-14611_mp-130_FD-ELAST_eweight": 9.950952817756768, "P6_JVASP-14611_mp-130_FD-ELAST_fweight": 183.2005644785408, "P6_JVASP-14611_mp-130_FD-ELAST_vweight": 7.069412894577942e-12, "P6_JVASP-25047_mp-130_FD-ELAST_eweight": 8.465729158623967, "P6_JVASP-25047_mp-130_FD-ELAST_fweight": 254.6739260561518, "P6_JVASP-25047_mp-130_FD-ELAST_vweight": 1.3643051907147905e-12, "P8_JVASP-25091_mp-12883_DFT-SCF_eweight": 572.527132249551, "P8_JVASP-25091_mp-12883_DFT-SCF_fweight": 448.31359099885873, "P8_JVASP-25091_mp-12883_DFT-SCF_vweight": 2.260561434687386e-12, "P8_JVASP-25144_mp-157_FD-ELAST_eweight": 6.560788403126876, "P8_JVASP-25144_mp-157_FD-ELAST_fweight": 40.86137142265547, "P8_JVASP-25144_mp-157_FD-ELAST_vweight": 9.026631189925616e-12, "P8_JVASP-26_mp-blackP_FD-ELAST_eweight": 7.258391023363819, "P8_JVASP-26_mp-blackP_FD-ELAST_fweight": 187.10303467751967, "P8_JVASP-26_mp-blackP_FD-ELAST_vweight": 9.520670364986636e-12, "P8_JVASP-7758_mp-12883_DFT-SCF_eweight": 566.504530892246, "P8_JVASP-7758_mp-12883_DFT-SCF_fweight": 485.58718156371935, "P8_JVASP-7758_mp-12883_DFT-SCF_vweight": 6.57549677950128e-12, "P8_JVASP-7818_mp-157_FD-ELAST_eweight": 8.011979892154057, "P8_JVASP-7818_mp-157_FD-ELAST_fweight": 327.89135159023215, "P8_JVASP-7818_mp-157_FD-ELAST_vweight": 6.567684063601544e-12, "P8_JVASP-79517_mp-1064333_FD-ELAST_eweight": 5.8830745031524225, "P8_JVASP-79517_mp-1064333_FD-ELAST_fweight": 340.8640840338418, "P8_JVASP-79517_mp-1064333_FD-ELAST_vweight": 1.4382911892931666e-12, "P_JVASP-25311_mp-674158_DFT-SCF_eweight": 602.800683765897, "P_JVASP-25311_mp-674158_DFT-SCF_fweight": 213.18929328353283, "P_JVASP-25311_mp-674158_DFT-SCF_vweight": 3.1361416719898653e-12, "P_JVASP-7544_mp-ase-P_DFT-SCF_eweight": 238.32892892510938, "P_JVASP-7544_mp-ase-P_DFT-SCF_fweight": 153.26108780070257, "P_JVASP-7544_mp-ase-P_DFT-SCF_vweight": 2.9838817608431e-12, "P_JVASP-7544_mp-ase-P_FD-ELAST_eweight": 1.077714600606826, "P_JVASP-7544_mp-ase-P_FD-ELAST_fweight": 6.050932101972093, "P_JVASP-7544_mp-ase-P_FD-ELAST_vweight": 6.565185272085198e-12, "radelem_1": 0.773762845049204, "radelem_2": 0.8421462278958325, "rcutfac": 3.752221469396628, "rfac0": 0.9280321447114434, "twojmax_1": 5.311344749309283, "twojmax_2": 7.095711601868697, "wj_1": 0.9831024353554092, "wj_2": 0.817712776533521}, "datetime": {"datetime": "2023-02-01 00:50:15", "elapsed": 121.262799, "delta": 28.1669}}
